<!DOCTYPE html PUBLIC "-//W3C//DTD XHTML 1.1//EN" "http://www.w3.org/TR/xhtml11/DTD/xhtml11.dtd">
<html xmlns="http://www.w3.org/1999/xhtml"><head><title>TestNG Report</title><style type="text/css">table {margin-bottom:10px;border-collapse:collapse;empty-cells:show}th,td {border:1px solid #009;padding:.25em .5em}th {vertical-align:bottom}td {vertical-align:top}table a {font-weight:bold}.stripe td {background-color: #E6EBF9}.num {text-align:right}.passedodd td {background-color: #3F3}.passedeven td {background-color: #0A0}.skippedodd td {background-color: #DDD}.skippedeven td {background-color: #CCC}.failedodd td,.attn {background-color: #F33}.failedeven td,.stripe .attn {background-color: #D00}.stacktrace {white-space:pre;font-family:monospace}.totop {font-size:85%;text-align:center;border-bottom:2px solid #000}</style></head><body><table><tr><th>Test</th><th># Passed</th><th># Skipped</th><th># Failed</th><th>Time (ms)</th><th>Included Groups</th><th>Excluded Groups</th></tr><tr><th colspan="7">Regression Suite</th></tr><tr><td><a href="#t0">Register Page Tests</a></td><td class="num">5</td><td class="num attn">5</td><td class="num attn">1</td><td class="num">291,987</td><td></td><td></td></tr><tr class="stripe"><td><a href="#t1">Product Details Page Tests</a></td><td class="num">0</td><td class="num">0</td><td class="num">0</td><td class="num">2</td><td></td><td></td></tr><tr><th>Total</th><th class="num">5</th><th class="num attn">5</th><th class="num attn">1</th><th class="num">291,989</th><th colspan="2"></th></tr></table><table><thead><tr><th>Class</th><th>Method</th><th>Start</th><th>Time (ms)</th></tr></thead><tbody><tr><th colspan="4">Regression Suite</th></tr></tbody><tbody id="t0"><tr><th colspan="4">Register Page Tests &#8212; failed</th></tr><tr class="failedeven"><td rowspan="1">com.test.automation.uiAutomation.registerPage.TC003_VerifyLoginWithDifferentCredentials</td><td><a href="#m0">verifyLoginWithInvalidCredentials</a></td><td rowspan="1">1509126612739</td><td rowspan="1">19115</td></tr><tr><th colspan="4">Register Page Tests &#8212; skipped</th></tr><tr class="skippedeven"><td rowspan="5">com.test.automation.uiAutomation.registerPage.TC003_VerifyLoginWithDifferentCredentials</td><td><a href="#m1">verifyLoginWithInvalidCredentials</a></td><td rowspan="5">1509126552981</td><td rowspan="5">19491</td></tr><tr class="skippedeven"><td><a href="#m2">verifyLoginWithInvalidCredentials</a></td></tr><tr class="skippedeven"><td><a href="#m3">verifyLoginWithInvalidCredentials</a></td></tr><tr class="skippedeven"><td><a href="#m4">verifyLoginWithInvalidCredentials</a></td></tr><tr class="skippedeven"><td><a href="#m5">verifyLoginWithInvalidCredentials</a></td></tr><tr><th colspan="4">Register Page Tests &#8212; passed</th></tr><tr class="passedeven"><td rowspan="5">com.test.automation.uiAutomation.registerPage.TC003_VerifyLoginWithDifferentCredentials</td><td><a href="#m6">verifyLoginWithInvalidCredentials</a></td><td rowspan="5">1509126746486</td><td rowspan="5">37370</td></tr><tr class="passedeven"><td><a href="#m7">verifyLoginWithInvalidCredentials</a></td></tr><tr class="passedeven"><td><a href="#m8">verifyLoginWithInvalidCredentials</a></td></tr><tr class="passedeven"><td><a href="#m9">verifyLoginWithInvalidCredentials</a></td></tr><tr class="passedeven"><td><a href="#m10">verifyLoginWithInvalidCredentials</a></td></tr></tbody><tbody id="t1"></tbody></table><h2>Register Page Tests</h2><h3 id="m0">com.test.automation.uiAutomation.registerPage.TC003_VerifyLoginWithDifferentCredentials#verifyLoginWithInvalidCredentials</h3><table class="result"><tr class="param"><th>Parameter #1</th><th>Parameter #2</th><th>Parameter #3</th></tr><tr class="param stripe"><td>test28101+132@gmail.com</td><td>Password2</td><td>Y</td></tr><tr><th colspan="3">Messages</th></tr><tr><td colspan="3"><div class="messages">----------------Starting Test TC003_VerifyLoginWithDifferentCredentials----------------<br/>SignIn link clicked on the page nav Bar.<br/>Clicked on Signin link at Home page & the object is:[[ChromeDriver: chrome on XP (a400a0fa274743fd7f657fa11b0fe443)] -> xpath: //*[@id='header']/div[2]/div/div/nav/div[1]/a]<br/>Entered email address test28101+132@gmail.com and the object is:[[ChromeDriver: chrome on XP (a400a0fa274743fd7f657fa11b0fe443)] -> xpath: //*[@id='email']]<br/>Entered email address Password2 and the object is:[[ChromeDriver: chrome on XP (a400a0fa274743fd7f657fa11b0fe443)] -> xpath: //*[@id='passwd']]<br/>Clicked on login Submit button & the object is:[[ChromeDriver: chrome on XP (a400a0fa274743fd7f657fa11b0fe443)] -> id: SubmitLogin]<br/>Logout Link element not found.<br/><a href='E:\Selenium\PageFactory_FrameWork\uiAutomation\src\main\java\com\test\automation\uiAutomation\failure_screenshots\verifyLoginWithInvalidCredentials_27_10_2017_11_20_31.png'> <img src='E:\Selenium\PageFactory_FrameWork\uiAutomation\src\main\java\com\test\automation\uiAutomation\failure_screenshots\verifyLoginWithInvalidCredentials_27_10_2017_11_20_31.png' height='100' width='100'/> </a></div></td></tr><tr><th colspan="3">Exception</th></tr><tr><td colspan="3"><div class="stacktrace">java.lang.AssertionError: expected [true] but found [false]
	at com.test.automation.uiAutomation.registerPage.TC003_VerifyLoginWithDifferentCredentials.verifyLoginWithInvalidCredentials(TC003_VerifyLoginWithDifferentCredentials.java:51)
... Removed 31 stack frames</div></td></tr></table><p class="totop"><a href="#summary">back to summary</a></p><h3 id="m1">com.test.automation.uiAutomation.registerPage.TC003_VerifyLoginWithDifferentCredentials#verifyLoginWithInvalidCredentials</h3><table class="result"><tr class="param"><th>Parameter #1</th><th>Parameter #2</th><th>Parameter #3</th></tr><tr class="param stripe"><td>test28101+132@gmail.com</td><td>Password2</td><td>Y</td></tr><tr><th colspan="3">Messages</th></tr><tr><td colspan="3"><div class="messages">----------------Starting Test TC003_VerifyLoginWithDifferentCredentials----------------<br/>SignIn link clicked on the page nav Bar.<br/>Clicked on Signin link at Home page & the object is:[[ChromeDriver: chrome on XP (a400a0fa274743fd7f657fa11b0fe443)] -> xpath: //*[@id='header']/div[2]/div/div/nav/div[1]/a]<br/>Entered email address test28101+132@gmail.com and the object is:[[ChromeDriver: chrome on XP (a400a0fa274743fd7f657fa11b0fe443)] -> xpath: //*[@id='email']]<br/>Entered email address Password2 and the object is:[[ChromeDriver: chrome on XP (a400a0fa274743fd7f657fa11b0fe443)] -> xpath: //*[@id='passwd']]<br/>Clicked on login Submit button & the object is:[[ChromeDriver: chrome on XP (a400a0fa274743fd7f657fa11b0fe443)] -> id: SubmitLogin]<br/>Logout Link element not found.<br/>Retrying test verifyLoginWithInvalidCredentials with status FAILURE for the 1 time(s).<br/>Test is skipped:verifyLoginWithInvalidCredentials</div></td></tr><tr><th colspan="3">Exception</th></tr><tr><td colspan="3"><div class="stacktrace">java.lang.AssertionError: expected [true] but found [false]
	at com.test.automation.uiAutomation.registerPage.TC003_VerifyLoginWithDifferentCredentials.verifyLoginWithInvalidCredentials(TC003_VerifyLoginWithDifferentCredentials.java:51)
... Removed 31 stack frames</div></td></tr></table><p class="totop"><a href="#summary">back to summary</a></p><h3 id="m2">com.test.automation.uiAutomation.registerPage.TC003_VerifyLoginWithDifferentCredentials#verifyLoginWithInvalidCredentials</h3><table class="result"><tr class="param"><th>Parameter #1</th><th>Parameter #2</th><th>Parameter #3</th></tr><tr class="param stripe"><td>test28101+172@gmail.com</td><td>Password1</td><td>n</td></tr><tr><th colspan="3">Messages</th></tr><tr><td colspan="3"><div class="messages">----------------Starting Test TC003_VerifyLoginWithDifferentCredentials----------------<br/>Test is skipped:verifyLoginWithInvalidCredentials</div></td></tr><tr><th colspan="3">Exception</th></tr><tr><td colspan="3"><div class="stacktrace">org.testng.SkipException: This data is marked as N. Hence skipping
	at com.test.automation.uiAutomation.registerPage.TC003_VerifyLoginWithDifferentCredentials.verifyLoginWithInvalidCredentials(TC003_VerifyLoginWithDifferentCredentials.java:45)
... Removed 25 stack frames</div></td></tr></table><p class="totop"><a href="#summary">back to summary</a></p><h3 id="m3">com.test.automation.uiAutomation.registerPage.TC003_VerifyLoginWithDifferentCredentials#verifyLoginWithInvalidCredentials</h3><table class="result"><tr class="param"><th>Parameter #1</th><th>Parameter #2</th><th>Parameter #3</th></tr><tr class="param stripe"><td>test28101+172@gmail.com</td><td>Password1</td><td>n</td></tr><tr><th colspan="3">Messages</th></tr><tr><td colspan="3"><div class="messages">----------------Starting Test TC003_VerifyLoginWithDifferentCredentials----------------<br/>Test is skipped:verifyLoginWithInvalidCredentials</div></td></tr><tr><th colspan="3">Exception</th></tr><tr><td colspan="3"><div class="stacktrace">org.testng.SkipException: This data is marked as N. Hence skipping
	at com.test.automation.uiAutomation.registerPage.TC003_VerifyLoginWithDifferentCredentials.verifyLoginWithInvalidCredentials(TC003_VerifyLoginWithDifferentCredentials.java:45)
... Removed 25 stack frames</div></td></tr></table><p class="totop"><a href="#summary">back to summary</a></p><h3 id="m4">com.test.automation.uiAutomation.registerPage.TC003_VerifyLoginWithDifferentCredentials#verifyLoginWithInvalidCredentials</h3><table class="result"><tr class="param"><th>Parameter #1</th><th>Parameter #2</th><th>Parameter #3</th></tr><tr class="param stripe"><td>test28101+132@gmail.com</td><td>Password2</td><td>Y</td></tr><tr><th colspan="3">Messages</th></tr><tr><td colspan="3"><div class="messages">----------------Starting Test TC003_VerifyLoginWithDifferentCredentials----------------<br/>SignIn link clicked on the page nav Bar.<br/>Clicked on Signin link at Home page & the object is:[[ChromeDriver: chrome on XP (a400a0fa274743fd7f657fa11b0fe443)] -> xpath: //*[@id='header']/div[2]/div/div/nav/div[1]/a]<br/>Entered email address test28101+132@gmail.com and the object is:[[ChromeDriver: chrome on XP (a400a0fa274743fd7f657fa11b0fe443)] -> xpath: //*[@id='email']]<br/>Entered email address Password2 and the object is:[[ChromeDriver: chrome on XP (a400a0fa274743fd7f657fa11b0fe443)] -> xpath: //*[@id='passwd']]<br/>Clicked on login Submit button & the object is:[[ChromeDriver: chrome on XP (a400a0fa274743fd7f657fa11b0fe443)] -> id: SubmitLogin]<br/>Logout Link element not found.<br/>Retrying test verifyLoginWithInvalidCredentials with status FAILURE for the 3 time(s).<br/>Test is skipped:verifyLoginWithInvalidCredentials</div></td></tr><tr><th colspan="3">Exception</th></tr><tr><td colspan="3"><div class="stacktrace">java.lang.AssertionError: expected [true] but found [false]
	at com.test.automation.uiAutomation.registerPage.TC003_VerifyLoginWithDifferentCredentials.verifyLoginWithInvalidCredentials(TC003_VerifyLoginWithDifferentCredentials.java:51)
... Removed 31 stack frames</div></td></tr></table><p class="totop"><a href="#summary">back to summary</a></p><h3 id="m5">com.test.automation.uiAutomation.registerPage.TC003_VerifyLoginWithDifferentCredentials#verifyLoginWithInvalidCredentials</h3><table class="result"><tr class="param"><th>Parameter #1</th><th>Parameter #2</th><th>Parameter #3</th></tr><tr class="param stripe"><td>test28101+132@gmail.com</td><td>Password2</td><td>Y</td></tr><tr><th colspan="3">Messages</th></tr><tr><td colspan="3"><div class="messages">----------------Starting Test TC003_VerifyLoginWithDifferentCredentials----------------<br/>SignIn link clicked on the page nav Bar.<br/>Clicked on Signin link at Home page & the object is:[[ChromeDriver: chrome on XP (a400a0fa274743fd7f657fa11b0fe443)] -> xpath: //*[@id='header']/div[2]/div/div/nav/div[1]/a]<br/>Entered email address test28101+132@gmail.com and the object is:[[ChromeDriver: chrome on XP (a400a0fa274743fd7f657fa11b0fe443)] -> xpath: //*[@id='email']]<br/>Entered email address Password2 and the object is:[[ChromeDriver: chrome on XP (a400a0fa274743fd7f657fa11b0fe443)] -> xpath: //*[@id='passwd']]<br/>Clicked on login Submit button & the object is:[[ChromeDriver: chrome on XP (a400a0fa274743fd7f657fa11b0fe443)] -> id: SubmitLogin]<br/>Logout Link element not found.<br/>Retrying test verifyLoginWithInvalidCredentials with status FAILURE for the 2 time(s).<br/>Test is skipped:verifyLoginWithInvalidCredentials</div></td></tr><tr><th colspan="3">Exception</th></tr><tr><td colspan="3"><div class="stacktrace">java.lang.AssertionError: expected [true] but found [false]
	at com.test.automation.uiAutomation.registerPage.TC003_VerifyLoginWithDifferentCredentials.verifyLoginWithInvalidCredentials(TC003_VerifyLoginWithDifferentCredentials.java:51)
... Removed 31 stack frames</div></td></tr></table><p class="totop"><a href="#summary">back to summary</a></p><h3 id="m6">com.test.automation.uiAutomation.registerPage.TC003_VerifyLoginWithDifferentCredentials#verifyLoginWithInvalidCredentials</h3><table class="result"><tr class="param"><th>Parameter #1</th><th>Parameter #2</th><th>Parameter #3</th></tr><tr class="param stripe"><td>test28101+132@gmail.com</td><td>Password1</td><td>y</td></tr><tr><th colspan="3">Messages</th></tr><tr><td colspan="3"><div class="messages">----------------Starting Test TC003_VerifyLoginWithDifferentCredentials----------------<br/>SignIn link clicked on the page nav Bar.<br/>Clicked on Signin link at Home page & the object is:[[ChromeDriver: chrome on XP (a400a0fa274743fd7f657fa11b0fe443)] -> xpath: //*[@id='header']/div[2]/div/div/nav/div[1]/a]<br/>Entered email address test28101+132@gmail.com and the object is:[[ChromeDriver: chrome on XP (a400a0fa274743fd7f657fa11b0fe443)] -> xpath: //*[@id='email']]<br/>Entered email address Password1 and the object is:[[ChromeDriver: chrome on XP (a400a0fa274743fd7f657fa11b0fe443)] -> xpath: //*[@id='passwd']]<br/>Clicked on login Submit button & the object is:Proxy element for: DefaultElementLocator 'By.id: SubmitLogin'<br/>Logout element found. Object is: [[ChromeDriver: chrome on XP (a400a0fa274743fd7f657fa11b0fe443)] -> xpath: //a[@class='logout' and @title='Log me out']]<br/>Clicked on Logout link at Home page & the object is:Proxy element for: DefaultElementLocator 'By.xpath: //a[@class='logout' and @title='Log me out']'<br/>----------------Completed Test TC003_VerifyLoginWithDifferentCredentials----------------<br/><a href='E:\Selenium\PageFactory_FrameWork\uiAutomation\src\main\java\com\test\automation\uiAutomation\success_screenshots\verifyLoginWithInvalidCredentials_27_10_2017_11_23_03.png'> <img src='E:\Selenium\PageFactory_FrameWork\uiAutomation\src\main\java\com\test\automation\uiAutomation\success_screenshots\verifyLoginWithInvalidCredentials_27_10_2017_11_23_03.png' height='100' width='100'/> </a></div></td></tr></table><p class="totop"><a href="#summary">back to summary</a></p><h3 id="m7">com.test.automation.uiAutomation.registerPage.TC003_VerifyLoginWithDifferentCredentials#verifyLoginWithInvalidCredentials</h3><table class="result"><tr class="param"><th>Parameter #1</th><th>Parameter #2</th><th>Parameter #3</th></tr><tr class="param stripe"><td>test28101+172@gmail.com</td><td>Password1</td><td>y</td></tr><tr><th colspan="3">Messages</th></tr><tr><td colspan="3"><div class="messages">----------------Starting Test TC003_VerifyLoginWithDifferentCredentials----------------<br/>SignIn link clicked on the page nav Bar.<br/>Clicked on Signin link at Home page & the object is:[[ChromeDriver: chrome on XP (a400a0fa274743fd7f657fa11b0fe443)] -> xpath: //*[@id='header']/div[2]/div/div/nav/div[1]/a]<br/>Entered email address test28101+172@gmail.com and the object is:[[ChromeDriver: chrome on XP (a400a0fa274743fd7f657fa11b0fe443)] -> xpath: //*[@id='email']]<br/>Entered email address Password1 and the object is:[[ChromeDriver: chrome on XP (a400a0fa274743fd7f657fa11b0fe443)] -> xpath: //*[@id='passwd']]<br/>Clicked on login Submit button & the object is:Proxy element for: DefaultElementLocator 'By.id: SubmitLogin'<br/>Logout element found. Object is: [[ChromeDriver: chrome on XP (a400a0fa274743fd7f657fa11b0fe443)] -> xpath: //a[@class='logout' and @title='Log me out']]<br/>Clicked on Logout link at Home page & the object is:Proxy element for: DefaultElementLocator 'By.xpath: //a[@class='logout' and @title='Log me out']'<br/>----------------Completed Test TC003_VerifyLoginWithDifferentCredentials----------------<br/><a href='E:\Selenium\PageFactory_FrameWork\uiAutomation\src\main\java\com\test\automation\uiAutomation\success_screenshots\verifyLoginWithInvalidCredentials_27_10_2017_11_22_26.png'> <img src='E:\Selenium\PageFactory_FrameWork\uiAutomation\src\main\java\com\test\automation\uiAutomation\success_screenshots\verifyLoginWithInvalidCredentials_27_10_2017_11_22_26.png' height='100' width='100'/> </a></div></td></tr></table><p class="totop"><a href="#summary">back to summary</a></p><h3 id="m8">com.test.automation.uiAutomation.registerPage.TC003_VerifyLoginWithDifferentCredentials#verifyLoginWithInvalidCredentials</h3><table class="result"><tr class="param"><th>Parameter #1</th><th>Parameter #2</th><th>Parameter #3</th></tr><tr class="param stripe"><td>test28101+172@gmail.com</td><td>Password1</td><td>Y</td></tr><tr><th colspan="3">Messages</th></tr><tr><td colspan="3"><div class="messages">----------------Starting Test TC003_VerifyLoginWithDifferentCredentials----------------<br/>SignIn link clicked on the page nav Bar.<br/>Clicked on Signin link at Home page & the object is:[[ChromeDriver: chrome on XP (a400a0fa274743fd7f657fa11b0fe443)] -> xpath: //*[@id='header']/div[2]/div/div/nav/div[1]/a]<br/>Entered email address test28101+172@gmail.com and the object is:[[ChromeDriver: chrome on XP (a400a0fa274743fd7f657fa11b0fe443)] -> xpath: //*[@id='email']]<br/>Entered email address Password1 and the object is:[[ChromeDriver: chrome on XP (a400a0fa274743fd7f657fa11b0fe443)] -> xpath: //*[@id='passwd']]<br/>Clicked on login Submit button & the object is:Proxy element for: DefaultElementLocator 'By.id: SubmitLogin'<br/>Logout element found. Object is: [[ChromeDriver: chrome on XP (a400a0fa274743fd7f657fa11b0fe443)] -> xpath: //a[@class='logout' and @title='Log me out']]<br/>Clicked on Logout link at Home page & the object is:Proxy element for: DefaultElementLocator 'By.xpath: //a[@class='logout' and @title='Log me out']'<br/>----------------Completed Test TC003_VerifyLoginWithDifferentCredentials----------------<br/><a href='E:\Selenium\PageFactory_FrameWork\uiAutomation\src\main\java\com\test\automation\uiAutomation\success_screenshots\verifyLoginWithInvalidCredentials_27_10_2017_11_19_12.png'> <img src='E:\Selenium\PageFactory_FrameWork\uiAutomation\src\main\java\com\test\automation\uiAutomation\success_screenshots\verifyLoginWithInvalidCredentials_27_10_2017_11_19_12.png' height='100' width='100'/> </a></div></td></tr></table><p class="totop"><a href="#summary">back to summary</a></p><h3 id="m9">com.test.automation.uiAutomation.registerPage.TC003_VerifyLoginWithDifferentCredentials#verifyLoginWithInvalidCredentials</h3><table class="result"><tr class="param"><th>Parameter #1</th><th>Parameter #2</th><th>Parameter #3</th></tr><tr class="param stripe"><td>test28101+172@gmail.com</td><td>Password1</td><td>Y</td></tr><tr><th colspan="3">Messages</th></tr><tr><td colspan="3"><div class="messages">----------------Starting Test TC003_VerifyLoginWithDifferentCredentials----------------<br/>SignIn link clicked on the page nav Bar.<br/>Clicked on Signin link at Home page & the object is:[[ChromeDriver: chrome on XP (a400a0fa274743fd7f657fa11b0fe443)] -> xpath: //*[@id='header']/div[2]/div/div/nav/div[1]/a]<br/>Entered email address test28101+172@gmail.com and the object is:[[ChromeDriver: chrome on XP (a400a0fa274743fd7f657fa11b0fe443)] -> xpath: //*[@id='email']]<br/>Entered email address Password1 and the object is:[[ChromeDriver: chrome on XP (a400a0fa274743fd7f657fa11b0fe443)] -> xpath: //*[@id='passwd']]<br/>Clicked on login Submit button & the object is:Proxy element for: DefaultElementLocator 'By.id: SubmitLogin'<br/>Logout element found. Object is: [[ChromeDriver: chrome on XP (a400a0fa274743fd7f657fa11b0fe443)] -> xpath: //a[@class='logout' and @title='Log me out']]<br/>Clicked on Logout link at Home page & the object is:Proxy element for: DefaultElementLocator 'By.xpath: //a[@class='logout' and @title='Log me out']'<br/>----------------Completed Test TC003_VerifyLoginWithDifferentCredentials----------------<br/><a href='E:\Selenium\PageFactory_FrameWork\uiAutomation\src\main\java\com\test\automation\uiAutomation\success_screenshots\verifyLoginWithInvalidCredentials_27_10_2017_11_21_09.png'> <img src='E:\Selenium\PageFactory_FrameWork\uiAutomation\src\main\java\com\test\automation\uiAutomation\success_screenshots\verifyLoginWithInvalidCredentials_27_10_2017_11_21_09.png' height='100' width='100'/> </a></div></td></tr></table><p class="totop"><a href="#summary">back to summary</a></p><h3 id="m10">com.test.automation.uiAutomation.registerPage.TC003_VerifyLoginWithDifferentCredentials#verifyLoginWithInvalidCredentials</h3><table class="result"><tr class="param"><th>Parameter #1</th><th>Parameter #2</th><th>Parameter #3</th></tr><tr class="param stripe"><td>test28101+132@gmail.com</td><td>Password1</td><td>y</td></tr><tr><th colspan="3">Messages</th></tr><tr><td colspan="3"><div class="messages">----------------Starting Test TC003_VerifyLoginWithDifferentCredentials----------------<br/>SignIn link clicked on the page nav Bar.<br/>Clicked on Signin link at Home page & the object is:[[ChromeDriver: chrome on XP (a400a0fa274743fd7f657fa11b0fe443)] -> xpath: //*[@id='header']/div[2]/div/div/nav/div[1]/a]<br/>Entered email address test28101+132@gmail.com and the object is:[[ChromeDriver: chrome on XP (a400a0fa274743fd7f657fa11b0fe443)] -> xpath: //*[@id='email']]<br/>Entered email address Password1 and the object is:[[ChromeDriver: chrome on XP (a400a0fa274743fd7f657fa11b0fe443)] -> xpath: //*[@id='passwd']]<br/>Clicked on login Submit button & the object is:Proxy element for: DefaultElementLocator 'By.id: SubmitLogin'<br/>Logout element found. Object is: [[ChromeDriver: chrome on XP (a400a0fa274743fd7f657fa11b0fe443)] -> xpath: //a[@class='logout' and @title='Log me out']]<br/>Clicked on Logout link at Home page & the object is:Proxy element for: DefaultElementLocator 'By.xpath: //a[@class='logout' and @title='Log me out']'<br/>----------------Completed Test TC003_VerifyLoginWithDifferentCredentials----------------<br/><a href='E:\Selenium\PageFactory_FrameWork\uiAutomation\src\main\java\com\test\automation\uiAutomation\success_screenshots\verifyLoginWithInvalidCredentials_27_10_2017_11_21_47.png'> <img src='E:\Selenium\PageFactory_FrameWork\uiAutomation\src\main\java\com\test\automation\uiAutomation\success_screenshots\verifyLoginWithInvalidCredentials_27_10_2017_11_21_47.png' height='100' width='100'/> </a></div></td></tr></table><p class="totop"><a href="#summary">back to summary</a></p><h2>Product Details Page Tests</h2></body></html>