<!DOCTYPE html>

<html>
  <head>
  <meta charset='utf-8'>
  <title>TestNG reports</title>

    <link type="text/css" href="testng-reports.css" rel="stylesheet" />  
    <script type="text/javascript" src="jquery-1.7.1.min.js"></script>
    <script type="text/javascript" src="testng-reports.js"></script>
    <script type="text/javascript" src="https://www.google.com/jsapi"></script>
    <script type='text/javascript'>
      google.load('visualization', '1', {packages:['table']});
      google.setOnLoadCallback(drawTable);
      var suiteTableInitFunctions = new Array();
      var suiteTableData = new Array();
    </script>
    <!--
      <script type="text/javascript" src="jquery-ui/js/jquery-ui-1.8.16.custom.min.js"></script>
     -->
  </head>

  <body>
    <div class="top-banner-root">
      <span class="top-banner-title-font">Test results</span>
      <br/>
      <span class="top-banner-font-1">1 suite, 1 failed test</span>
    </div> <!-- top-banner-root -->
    <div class="navigator-root">
      <div class="navigator-suite-header">
        <span>All suites</span>
        <a href="#" class="collapse-all-link" title="Collapse/expand all the suites">
          <img class="collapse-all-icon" src="collapseall.gif">
          </img> <!-- collapse-all-icon -->
        </a> <!-- collapse-all-link -->
      </div> <!-- navigator-suite-header -->
      <div class="suite">
        <div class="rounded-window">
          <div class="suite-header light-rounded-window-top">
            <a href="#" class="navigator-link" panel-name="suite-Regression_Suite">
              <span class="suite-name border-failed">Regression Suite</span>
            </a> <!-- navigator-link -->
          </div> <!-- suite-header light-rounded-window-top -->
          <div class="navigator-suite-content">
            <div class="suite-section-title">
              <span>Info</span>
            </div> <!-- suite-section-title -->
            <div class="suite-section-content">
              <ul>
                <li>
                  <a href="#" class="navigator-link " panel-name="test-xml-Regression_Suite">
                    <span>D:\git\PageFactory_FrameWork\uiAutomation\testNG.xml</span>
                  </a> <!-- navigator-link  -->
                </li>
                <li>
                  <a href="#" class="navigator-link " panel-name="testlist-Regression_Suite">
                    <span class="test-stats">2 tests</span>
                  </a> <!-- navigator-link  -->
                </li>
                <li>
                  <a href="#" class="navigator-link " panel-name="group-Regression_Suite">
                    <span>0 groups</span>
                  </a> <!-- navigator-link  -->
                </li>
                <li>
                  <a href="#" class="navigator-link " panel-name="times-Regression_Suite">
                    <span>Times</span>
                  </a> <!-- navigator-link  -->
                </li>
                <li>
                  <a href="#" class="navigator-link " panel-name="reporter-Regression_Suite">
                    <span>Reporter output</span>
                  </a> <!-- navigator-link  -->
                </li>
                <li>
                  <a href="#" class="navigator-link " panel-name="ignored-methods-Regression_Suite">
                    <span>Ignored methods</span>
                  </a> <!-- navigator-link  -->
                </li>
                <li>
                  <a href="#" class="navigator-link " panel-name="chronological-Regression_Suite">
                    <span>Chronological view</span>
                  </a> <!-- navigator-link  -->
                </li>
              </ul>
            </div> <!-- suite-section-content -->
            <div class="result-section">
              <div class="suite-section-title">
                <span>Results</span>
              </div> <!-- suite-section-title -->
              <div class="suite-section-content">
                <ul>
                  <li>
                    <span class="method-stats">11 methods, 1 failed,  1 skipped,  9 passed</span>
                  </li>
                  <li>
                    <span class="method-list-title failed">Failed methods</span>
                    <span class="show-or-hide-methods failed">
                      <a href="#" panel-name="suite-Regression_Suite" class="hide-methods failed suite-Regression_Suite"> (hide)</a> <!-- hide-methods failed suite-Regression_Suite -->
                      <a href="#" panel-name="suite-Regression_Suite" class="show-methods failed suite-Regression_Suite"> (show)</a> <!-- show-methods failed suite-Regression_Suite -->
                    </span>
                    <div class="method-list-content failed suite-Regression_Suite">
                      <span>
                        <img width="3%" src="failed.png"/>
                        <a href="#" class="method navigator-link" panel-name="suite-Regression_Suite" title="com.test.automation.uiAutomation.registerPage.TC003_VerifyLoginWithDifferentCredentials" hash-for-method="verifyLoginWithInvalidCredentials(test28101+132@gmail.com, Password2, Y)">verifyLoginWithInvalidCredentials(test28101+132@gmail.com, Password2, Y)</a> <!-- method navigator-link -->
                      </span>
                      <br/>
                    </div> <!-- method-list-content failed suite-Regression_Suite -->
                  </li>
                  <li>
                    <span class="method-list-title skipped">Skipped methods</span>
                    <span class="show-or-hide-methods skipped">
                      <a href="#" panel-name="suite-Regression_Suite" class="hide-methods skipped suite-Regression_Suite"> (hide)</a> <!-- hide-methods skipped suite-Regression_Suite -->
                      <a href="#" panel-name="suite-Regression_Suite" class="show-methods skipped suite-Regression_Suite"> (show)</a> <!-- show-methods skipped suite-Regression_Suite -->
                    </span>
                    <div class="method-list-content skipped suite-Regression_Suite">
                      <span>
                        <img width="3%" src="skipped.png"/>
                        <a href="#" class="method navigator-link" panel-name="suite-Regression_Suite" title="com.test.automation.uiAutomation.registerPage.TC003_VerifyLoginWithDifferentCredentials" hash-for-method="verifyLoginWithInvalidCredentials(test28101+172@gmail.com, Password1, n)">verifyLoginWithInvalidCredentials(test28101+172@gmail.com, Password1, n)</a> <!-- method navigator-link -->
                      </span>
                      <br/>
                    </div> <!-- method-list-content skipped suite-Regression_Suite -->
                  </li>
                  <li>
                    <span class="method-list-title passed">Passed methods</span>
                    <span class="show-or-hide-methods passed">
                      <a href="#" panel-name="suite-Regression_Suite" class="hide-methods passed suite-Regression_Suite"> (hide)</a> <!-- hide-methods passed suite-Regression_Suite -->
                      <a href="#" panel-name="suite-Regression_Suite" class="show-methods passed suite-Regression_Suite"> (show)</a> <!-- show-methods passed suite-Regression_Suite -->
                    </span>
                    <div class="method-list-content passed suite-Regression_Suite">
                      <span>
                        <img width="3%" src="passed.png"/>
                        <a href="#" class="method navigator-link" panel-name="suite-Regression_Suite" title="com.test.automation.uiAutomation.registerPage.TC002_VerfiyRegistration" hash-for-method="verfiyRegistration">verfiyRegistration</a> <!-- method navigator-link -->
                      </span>
                      <br/>
                      <span>
                        <img width="3%" src="passed.png"/>
                        <a href="#" class="method navigator-link" panel-name="suite-Regression_Suite" title="com.test.automation.uiAutomation.productDetailsPage.TC002_VerifyFacebookShareLink" hash-for-method="verifyFacebookShareLink">verifyFacebookShareLink</a> <!-- method navigator-link -->
                      </span>
                      <br/>
                      <span>
                        <img width="3%" src="passed.png"/>
                        <a href="#" class="method navigator-link" panel-name="suite-Regression_Suite" title="com.test.automation.uiAutomation.registerPage.TC003_VerifyLoginWithDifferentCredentials" hash-for-method="verifyLoginWithInvalidCredentials(test28101+132@gmail.com, Password1, y)">verifyLoginWithInvalidCredentials(test28101+132@gmail.com, Password1, y)</a> <!-- method navigator-link -->
                      </span>
                      <br/>
                      <span>
                        <img width="3%" src="passed.png"/>
                        <a href="#" class="method navigator-link" panel-name="suite-Regression_Suite" title="com.test.automation.uiAutomation.registerPage.TC003_VerifyLoginWithDifferentCredentials" hash-for-method="verifyLoginWithInvalidCredentials(test28101+172@gmail.com, Password1, Y)">verifyLoginWithInvalidCredentials(test28101+172@gmail.com, Password1, Y)</a> <!-- method navigator-link -->
                      </span>
                      <br/>
                      <span>
                        <img width="3%" src="passed.png"/>
                        <a href="#" class="method navigator-link" panel-name="suite-Regression_Suite" title="com.test.automation.uiAutomation.registerPage.TC003_VerifyLoginWithDifferentCredentials" hash-for-method="verifyLoginWithInvalidCredentials(test28101+132@gmail.com, Password1, y)">verifyLoginWithInvalidCredentials(test28101+132@gmail.com, Password1, y)</a> <!-- method navigator-link -->
                      </span>
                      <br/>
                      <span>
                        <img width="3%" src="passed.png"/>
                        <a href="#" class="method navigator-link" panel-name="suite-Regression_Suite" title="com.test.automation.uiAutomation.registerPage.TC003_VerifyLoginWithDifferentCredentials" hash-for-method="verifyLoginWithInvalidCredentials(test28101+172@gmail.com, Password1, Y)">verifyLoginWithInvalidCredentials(test28101+172@gmail.com, Password1, Y)</a> <!-- method navigator-link -->
                      </span>
                      <br/>
                      <span>
                        <img width="3%" src="passed.png"/>
                        <a href="#" class="method navigator-link" panel-name="suite-Regression_Suite" title="com.test.automation.uiAutomation.registerPage.TC001_VerifyLoginWithInvalidCredentials" hash-for-method="verifyLoginWithInvalidCredentials">verifyLoginWithInvalidCredentials</a> <!-- method navigator-link -->
                      </span>
                      <br/>
                      <span>
                        <img width="3%" src="passed.png"/>
                        <a href="#" class="method navigator-link" panel-name="suite-Regression_Suite" title="com.test.automation.uiAutomation.registerPage.TC003_VerifyLoginWithDifferentCredentials" hash-for-method="verifyLoginWithInvalidCredentials(test28101+172@gmail.com, Password1, y)">verifyLoginWithInvalidCredentials(test28101+172@gmail.com, Password1, y)</a> <!-- method navigator-link -->
                      </span>
                      <br/>
                      <span>
                        <img width="3%" src="passed.png"/>
                        <a href="#" class="method navigator-link" panel-name="suite-Regression_Suite" title="com.test.automation.uiAutomation.productDetailsPage.TC001_VerifyProductTitle" hash-for-method="verifyProductTitle">verifyProductTitle</a> <!-- method navigator-link -->
                      </span>
                      <br/>
                    </div> <!-- method-list-content passed suite-Regression_Suite -->
                  </li>
                </ul>
              </div> <!-- suite-section-content -->
            </div> <!-- result-section -->
          </div> <!-- navigator-suite-content -->
        </div> <!-- rounded-window -->
      </div> <!-- suite -->
    </div> <!-- navigator-root -->
    <div class="wrapper">
      <div class="main-panel-root">
        <div panel-name="suite-Regression_Suite" class="panel Regression_Suite">
          <div class="suite-Regression_Suite-class-failed">
            <div class="main-panel-header rounded-window-top">
              <img src="failed.png"/>
              <span class="class-name">com.test.automation.uiAutomation.registerPage.TC003_VerifyLoginWithDifferentCredentials</span>
            </div> <!-- main-panel-header rounded-window-top -->
            <div class="main-panel-content rounded-window-bottom">
              <div class="method">
                <div class="method-content">
                  <a name="verifyLoginWithInvalidCredentials(test28101+132@gmail.com, Password2, Y)">
                  </a> <!-- verifyLoginWithInvalidCredentials(test28101+132@gmail.com, Password2, Y) -->
                  <span class="method-name">verifyLoginWithInvalidCredentials</span>
                  <span class="parameters">(test28101+132@gmail.com, Password2, Y)</span>
                  <div class="stack-trace">java.lang.AssertionError: expected [true] but found [false]
	at com.test.automation.uiAutomation.registerPage.TC003_VerifyLoginWithDifferentCredentials.verifyLoginWithInvalidCredentials(TC003_VerifyLoginWithDifferentCredentials.java:51)
... Removed 31 stack frames
</div> <!-- stack-trace -->
                </div> <!-- method-content -->
              </div> <!-- method -->
            </div> <!-- main-panel-content rounded-window-bottom -->
          </div> <!-- suite-Regression_Suite-class-failed -->
          <div class="suite-Regression_Suite-class-skipped">
            <div class="main-panel-header rounded-window-top">
              <img src="skipped.png"/>
              <span class="class-name">com.test.automation.uiAutomation.registerPage.TC003_VerifyLoginWithDifferentCredentials</span>
            </div> <!-- main-panel-header rounded-window-top -->
            <div class="main-panel-content rounded-window-bottom">
              <div class="method">
                <div class="method-content">
                  <a name="verifyLoginWithInvalidCredentials(test28101+172@gmail.com, Password1, n)">
                  </a> <!-- verifyLoginWithInvalidCredentials(test28101+172@gmail.com, Password1, n) -->
                  <span class="method-name">verifyLoginWithInvalidCredentials</span>
                  <span class="parameters">(test28101+172@gmail.com, Password1, n)</span>
                  <div class="stack-trace">org.testng.SkipException: This data is marked as N. Hence skipping
	at com.test.automation.uiAutomation.registerPage.TC003_VerifyLoginWithDifferentCredentials.verifyLoginWithInvalidCredentials(TC003_VerifyLoginWithDifferentCredentials.java:45)
... Removed 25 stack frames
</div> <!-- stack-trace -->
                </div> <!-- method-content -->
              </div> <!-- method -->
            </div> <!-- main-panel-content rounded-window-bottom -->
          </div> <!-- suite-Regression_Suite-class-skipped -->
          <div class="suite-Regression_Suite-class-passed">
            <div class="main-panel-header rounded-window-top">
              <img src="passed.png"/>
              <span class="class-name">com.test.automation.uiAutomation.productDetailsPage.TC002_VerifyFacebookShareLink</span>
            </div> <!-- main-panel-header rounded-window-top -->
            <div class="main-panel-content rounded-window-bottom">
              <div class="method">
                <div class="method-content">
                  <a name="verifyFacebookShareLink">
                  </a> <!-- verifyFacebookShareLink -->
                  <span class="method-name">verifyFacebookShareLink</span>
                </div> <!-- method-content -->
              </div> <!-- method -->
            </div> <!-- main-panel-content rounded-window-bottom -->
          </div> <!-- suite-Regression_Suite-class-passed -->
          <div class="suite-Regression_Suite-class-passed">
            <div class="main-panel-header rounded-window-top">
              <img src="passed.png"/>
              <span class="class-name">com.test.automation.uiAutomation.registerPage.TC002_VerfiyRegistration</span>
            </div> <!-- main-panel-header rounded-window-top -->
            <div class="main-panel-content rounded-window-bottom">
              <div class="method">
                <div class="method-content">
                  <a name="verfiyRegistration">
                  </a> <!-- verfiyRegistration -->
                  <span class="method-name">verfiyRegistration</span>
                </div> <!-- method-content -->
              </div> <!-- method -->
            </div> <!-- main-panel-content rounded-window-bottom -->
          </div> <!-- suite-Regression_Suite-class-passed -->
          <div class="suite-Regression_Suite-class-passed">
            <div class="main-panel-header rounded-window-top">
              <img src="passed.png"/>
              <span class="class-name">com.test.automation.uiAutomation.productDetailsPage.TC001_VerifyProductTitle</span>
            </div> <!-- main-panel-header rounded-window-top -->
            <div class="main-panel-content rounded-window-bottom">
              <div class="method">
                <div class="method-content">
                  <a name="verifyProductTitle">
                  </a> <!-- verifyProductTitle -->
                  <span class="method-name">verifyProductTitle</span>
                </div> <!-- method-content -->
              </div> <!-- method -->
            </div> <!-- main-panel-content rounded-window-bottom -->
          </div> <!-- suite-Regression_Suite-class-passed -->
          <div class="suite-Regression_Suite-class-passed">
            <div class="main-panel-header rounded-window-top">
              <img src="passed.png"/>
              <span class="class-name">com.test.automation.uiAutomation.registerPage.TC001_VerifyLoginWithInvalidCredentials</span>
            </div> <!-- main-panel-header rounded-window-top -->
            <div class="main-panel-content rounded-window-bottom">
              <div class="method">
                <div class="method-content">
                  <a name="verifyLoginWithInvalidCredentials">
                  </a> <!-- verifyLoginWithInvalidCredentials -->
                  <span class="method-name">verifyLoginWithInvalidCredentials</span>
                </div> <!-- method-content -->
              </div> <!-- method -->
            </div> <!-- main-panel-content rounded-window-bottom -->
          </div> <!-- suite-Regression_Suite-class-passed -->
          <div class="suite-Regression_Suite-class-passed">
            <div class="main-panel-header rounded-window-top">
              <img src="passed.png"/>
              <span class="class-name">com.test.automation.uiAutomation.registerPage.TC003_VerifyLoginWithDifferentCredentials</span>
            </div> <!-- main-panel-header rounded-window-top -->
            <div class="main-panel-content rounded-window-bottom">
              <div class="method">
                <div class="method-content">
                  <a name="verifyLoginWithInvalidCredentials(test28101+132@gmail.com, Password1, y)">
                  </a> <!-- verifyLoginWithInvalidCredentials(test28101+132@gmail.com, Password1, y) -->
                  <span class="method-name">verifyLoginWithInvalidCredentials</span>
                  <span class="parameters">(test28101+132@gmail.com, Password1, y)</span>
                </div> <!-- method-content -->
              </div> <!-- method -->
              <div class="method">
                <div class="method-content">
                  <a name="verifyLoginWithInvalidCredentials(test28101+172@gmail.com, Password1, Y)">
                  </a> <!-- verifyLoginWithInvalidCredentials(test28101+172@gmail.com, Password1, Y) -->
                  <span class="method-name">verifyLoginWithInvalidCredentials</span>
                  <span class="parameters">(test28101+172@gmail.com, Password1, Y)</span>
                </div> <!-- method-content -->
              </div> <!-- method -->
              <div class="method">
                <div class="method-content">
                  <a name="verifyLoginWithInvalidCredentials(test28101+132@gmail.com, Password1, y)">
                  </a> <!-- verifyLoginWithInvalidCredentials(test28101+132@gmail.com, Password1, y) -->
                  <span class="method-name">verifyLoginWithInvalidCredentials</span>
                  <span class="parameters">(test28101+132@gmail.com, Password1, y)</span>
                </div> <!-- method-content -->
              </div> <!-- method -->
              <div class="method">
                <div class="method-content">
                  <a name="verifyLoginWithInvalidCredentials(test28101+172@gmail.com, Password1, Y)">
                  </a> <!-- verifyLoginWithInvalidCredentials(test28101+172@gmail.com, Password1, Y) -->
                  <span class="method-name">verifyLoginWithInvalidCredentials</span>
                  <span class="parameters">(test28101+172@gmail.com, Password1, Y)</span>
                </div> <!-- method-content -->
              </div> <!-- method -->
              <div class="method">
                <div class="method-content">
                  <a name="verifyLoginWithInvalidCredentials(test28101+172@gmail.com, Password1, y)">
                  </a> <!-- verifyLoginWithInvalidCredentials(test28101+172@gmail.com, Password1, y) -->
                  <span class="method-name">verifyLoginWithInvalidCredentials</span>
                  <span class="parameters">(test28101+172@gmail.com, Password1, y)</span>
                </div> <!-- method-content -->
              </div> <!-- method -->
            </div> <!-- main-panel-content rounded-window-bottom -->
          </div> <!-- suite-Regression_Suite-class-passed -->
        </div> <!-- panel Regression_Suite -->
        <div panel-name="test-xml-Regression_Suite" class="panel">
          <div class="main-panel-header rounded-window-top">
            <span class="header-content">D:\git\PageFactory_FrameWork\uiAutomation\testNG.xml</span>
          </div> <!-- main-panel-header rounded-window-top -->
          <div class="main-panel-content rounded-window-bottom">
            <pre>
&lt;?xml version=&quot;1.0&quot; encoding=&quot;UTF-8&quot;?&gt;
&lt;!DOCTYPE suite SYSTEM &quot;http://testng.org/testng-1.0.dtd&quot;&gt;
&lt;suite guice-stage=&quot;DEVELOPMENT&quot; name=&quot;Regression Suite&quot;&gt;
  &lt;listeners&gt;
    &lt;listener class-name=&quot;com.test.automation.uiAutomation.customListener.Listener&quot;/&gt;
    &lt;listener class-name=&quot;com.test.automation.uiAutomation.customListener.RetryListener&quot;/&gt;
  &lt;/listeners&gt;
  &lt;test name=&quot;Register Page Tests&quot;&gt;
    &lt;classes&gt;
      &lt;class name=&quot;com.test.automation.uiAutomation.registerPage.TC001_VerifyLoginWithInvalidCredentials&quot;/&gt;
      &lt;class name=&quot;com.test.automation.uiAutomation.registerPage.TC002_VerfiyRegistration&quot;/&gt;
      &lt;class name=&quot;com.test.automation.uiAutomation.registerPage.TC003_VerifyLoginWithDifferentCredentials&quot;/&gt;
    &lt;/classes&gt;
  &lt;/test&gt; &lt;!-- Register Page Tests --&gt;
  &lt;test name=&quot;Product Details Page Tests&quot;&gt;
    &lt;classes&gt;
      &lt;class name=&quot;com.test.automation.uiAutomation.productDetailsPage.TC001_VerifyProductTitle&quot;/&gt;
      &lt;class name=&quot;com.test.automation.uiAutomation.productDetailsPage.TC002_VerifyFacebookShareLink&quot;/&gt;
    &lt;/classes&gt;
  &lt;/test&gt; &lt;!-- Product Details Page Tests --&gt;
&lt;/suite&gt; &lt;!-- Regression Suite --&gt;
            </pre>
          </div> <!-- main-panel-content rounded-window-bottom -->
        </div> <!-- panel -->
        <div panel-name="testlist-Regression_Suite" class="panel">
          <div class="main-panel-header rounded-window-top">
            <span class="header-content">Tests for Regression Suite</span>
          </div> <!-- main-panel-header rounded-window-top -->
          <div class="main-panel-content rounded-window-bottom">
            <ul>
              <li>
                <span class="test-name">Register Page Tests (3 classes)</span>
              </li>
              <li>
                <span class="test-name">Product Details Page Tests (2 classes)</span>
              </li>
            </ul>
          </div> <!-- main-panel-content rounded-window-bottom -->
        </div> <!-- panel -->
        <div panel-name="group-Regression_Suite" class="panel">
          <div class="main-panel-header rounded-window-top">
            <span class="header-content">Groups for Regression Suite</span>
          </div> <!-- main-panel-header rounded-window-top -->
          <div class="main-panel-content rounded-window-bottom">
          </div> <!-- main-panel-content rounded-window-bottom -->
        </div> <!-- panel -->
        <div panel-name="times-Regression_Suite" class="panel">
          <div class="main-panel-header rounded-window-top">
            <span class="header-content">Times for Regression Suite</span>
          </div> <!-- main-panel-header rounded-window-top -->
          <div class="main-panel-content rounded-window-bottom">
            <div class="times-div">
              <script type="text/javascript">
suiteTableInitFunctions.push('tableData_Regression_Suite');
function tableData_Regression_Suite() {
var data = new google.visualization.DataTable();
data.addColumn('number', 'Number');
data.addColumn('string', 'Method');
data.addColumn('string', 'Class');
data.addColumn('number', 'Time (ms)');
data.addRows(11);
data.setCell(0, 0, 0)
data.setCell(0, 1, 'verifyLoginWithInvalidCredentials')
data.setCell(0, 2, 'com.test.automation.uiAutomation.registerPage.TC003_VerifyLoginWithDifferentCredentials')
data.setCell(0, 3, 37897);
data.setCell(1, 0, 1)
data.setCell(1, 1, 'verifyLoginWithInvalidCredentials')
data.setCell(1, 2, 'com.test.automation.uiAutomation.registerPage.TC003_VerifyLoginWithDifferentCredentials')
data.setCell(1, 3, 37182);
data.setCell(2, 0, 2)
data.setCell(2, 1, 'verifyLoginWithInvalidCredentials')
data.setCell(2, 2, 'com.test.automation.uiAutomation.registerPage.TC003_VerifyLoginWithDifferentCredentials')
data.setCell(2, 3, 36932);
data.setCell(3, 0, 3)
data.setCell(3, 1, 'verifyLoginWithInvalidCredentials')
data.setCell(3, 2, 'com.test.automation.uiAutomation.registerPage.TC003_VerifyLoginWithDifferentCredentials')
data.setCell(3, 3, 36854);
data.setCell(4, 0, 4)
data.setCell(4, 1, 'verifyLoginWithInvalidCredentials')
data.setCell(4, 2, 'com.test.automation.uiAutomation.registerPage.TC003_VerifyLoginWithDifferentCredentials')
data.setCell(4, 3, 36675);
data.setCell(5, 0, 5)
data.setCell(5, 1, 'verfiyRegistration')
data.setCell(5, 2, 'com.test.automation.uiAutomation.registerPage.TC002_VerfiyRegistration')
data.setCell(5, 3, 26375);
data.setCell(6, 0, 6)
data.setCell(6, 1, 'verifyLoginWithInvalidCredentials')
data.setCell(6, 2, 'com.test.automation.uiAutomation.registerPage.TC003_VerifyLoginWithDifferentCredentials')
data.setCell(6, 3, 19291);
data.setCell(7, 0, 7)
data.setCell(7, 1, 'verifyLoginWithInvalidCredentials')
data.setCell(7, 2, 'com.test.automation.uiAutomation.registerPage.TC001_VerifyLoginWithInvalidCredentials')
data.setCell(7, 3, 9767);
data.setCell(8, 0, 8)
data.setCell(8, 1, 'verifyProductTitle')
data.setCell(8, 2, 'com.test.automation.uiAutomation.productDetailsPage.TC001_VerifyProductTitle')
data.setCell(8, 3, 7599);
data.setCell(9, 0, 9)
data.setCell(9, 1, 'verifyFacebookShareLink')
data.setCell(9, 2, 'com.test.automation.uiAutomation.productDetailsPage.TC002_VerifyFacebookShareLink')
data.setCell(9, 3, 5035);
data.setCell(10, 0, 10)
data.setCell(10, 1, 'verifyLoginWithInvalidCredentials')
data.setCell(10, 2, 'com.test.automation.uiAutomation.registerPage.TC003_VerifyLoginWithDifferentCredentials')
data.setCell(10, 3, 3);
window.suiteTableData['Regression_Suite']= { tableData: data, tableDiv: 'times-div-Regression_Suite'}
return data;
}
              </script>
              <span class="suite-total-time">Total running time: 4 minutes</span>
              <div id="times-div-Regression_Suite">
              </div> <!-- times-div-Regression_Suite -->
            </div> <!-- times-div -->
          </div> <!-- main-panel-content rounded-window-bottom -->
        </div> <!-- panel -->
        <div panel-name="reporter-Regression_Suite" class="panel">
          <div class="main-panel-header rounded-window-top">
            <span class="header-content">Reporter output for Regression Suite</span>
          </div> <!-- main-panel-header rounded-window-top -->
          <div class="main-panel-content rounded-window-bottom">
            <div class="reporter-method-div">
              <span class="reporter-method-name">verifyLoginWithInvalidCredentials(test28101+132@gmail.com, Password1, y)</span>
              <div class="reporter-method-output-div">
                <span class="reporter-method-output">----------------Starting Test TC003_VerifyLoginWithDifferentCredentials----------------</span>
                <span class="reporter-method-output">SignIn link clicked on the page nav Bar.</span>
                <span class="reporter-method-output">Clicked on Signin link at Home page & the object is:[[ChromeDriver: chrome on WIN8_1 (04ed23e8e5b355a75d386089f058f765)] -> xpath: //*[@id='header']/div[2]/div/div/nav/div[1]/a]</span>
                <span class="reporter-method-output">Entered email address test28101+132@gmail.com and the object is:[[ChromeDriver: chrome on WIN8_1 (04ed23e8e5b355a75d386089f058f765)] -> xpath: //*[@id='email']]</span>
                <span class="reporter-method-output">Entered email address Password1 and the object is:[[ChromeDriver: chrome on WIN8_1 (04ed23e8e5b355a75d386089f058f765)] -> xpath: //*[@id='passwd']]</span>
                <span class="reporter-method-output">Clicked on login Submit button & the object is:Proxy element for: DefaultElementLocator 'By.id: SubmitLogin'</span>
                <span class="reporter-method-output">Logout element found. Object is: [[ChromeDriver: chrome on WIN8_1 (04ed23e8e5b355a75d386089f058f765)] -> xpath: //a[@class='logout' and @title='Log me out']]</span>
                <span class="reporter-method-output">Clicked on Logout link at Home page & the object is:Proxy element for: DefaultElementLocator 'By.xpath: //a[@class='logout' and @title='Log me out']'</span>
                <span class="reporter-method-output">----------------Completed Test TC003_VerifyLoginWithDifferentCredentials----------------</span>
                <span class="reporter-method-output"><a href='D:\git\PageFactory_FrameWork\uiAutomation\src\main\java\com\test\automation\uiAutomation\success_screenshots\verifyLoginWithInvalidCredentials_08_11_2017_04_30_13.png'> <img src='D:\git\PageFactory_FrameWork\uiAutomation\src\main\java\com\test\automation\uiAutomation\success_screenshots\verifyLoginWithInvalidCredentials_08_11_2017_04_30_13.png' height='100' width='100'/> </a></span>
              </div> <!-- reporter-method-output-div -->
            </div> <!-- reporter-method-div -->
            <div class="reporter-method-div">
              <span class="reporter-method-name">verifyLoginWithInvalidCredentials(test28101+172@gmail.com, Password1, Y)</span>
              <div class="reporter-method-output-div">
                <span class="reporter-method-output">----------------Starting Test TC003_VerifyLoginWithDifferentCredentials----------------</span>
                <span class="reporter-method-output">SignIn link clicked on the page nav Bar.</span>
                <span class="reporter-method-output">Clicked on Signin link at Home page & the object is:[[ChromeDriver: chrome on WIN8_1 (04ed23e8e5b355a75d386089f058f765)] -> xpath: //*[@id='header']/div[2]/div/div/nav/div[1]/a]</span>
                <span class="reporter-method-output">Entered email address test28101+172@gmail.com and the object is:[[ChromeDriver: chrome on WIN8_1 (04ed23e8e5b355a75d386089f058f765)] -> xpath: //*[@id='email']]</span>
                <span class="reporter-method-output">Entered email address Password1 and the object is:[[ChromeDriver: chrome on WIN8_1 (04ed23e8e5b355a75d386089f058f765)] -> xpath: //*[@id='passwd']]</span>
                <span class="reporter-method-output">Clicked on login Submit button & the object is:Proxy element for: DefaultElementLocator 'By.id: SubmitLogin'</span>
                <span class="reporter-method-output">Logout element found. Object is: [[ChromeDriver: chrome on WIN8_1 (04ed23e8e5b355a75d386089f058f765)] -> xpath: //a[@class='logout' and @title='Log me out']]</span>
                <span class="reporter-method-output">Clicked on Logout link at Home page & the object is:Proxy element for: DefaultElementLocator 'By.xpath: //a[@class='logout' and @title='Log me out']'</span>
                <span class="reporter-method-output">----------------Completed Test TC003_VerifyLoginWithDifferentCredentials----------------</span>
                <span class="reporter-method-output"><a href='D:\git\PageFactory_FrameWork\uiAutomation\src\main\java\com\test\automation\uiAutomation\success_screenshots\verifyLoginWithInvalidCredentials_08_11_2017_04_27_23.png'> <img src='D:\git\PageFactory_FrameWork\uiAutomation\src\main\java\com\test\automation\uiAutomation\success_screenshots\verifyLoginWithInvalidCredentials_08_11_2017_04_27_23.png' height='100' width='100'/> </a></span>
              </div> <!-- reporter-method-output-div -->
            </div> <!-- reporter-method-div -->
            <div class="reporter-method-div">
              <span class="reporter-method-name">verifyLoginWithInvalidCredentials(test28101+132@gmail.com, Password1, y)</span>
              <div class="reporter-method-output-div">
                <span class="reporter-method-output">----------------Starting Test TC003_VerifyLoginWithDifferentCredentials----------------</span>
                <span class="reporter-method-output">SignIn link clicked on the page nav Bar.</span>
                <span class="reporter-method-output">Clicked on Signin link at Home page & the object is:[[ChromeDriver: chrome on WIN8_1 (04ed23e8e5b355a75d386089f058f765)] -> xpath: //*[@id='header']/div[2]/div/div/nav/div[1]/a]</span>
                <span class="reporter-method-output">Entered email address test28101+132@gmail.com and the object is:[[ChromeDriver: chrome on WIN8_1 (04ed23e8e5b355a75d386089f058f765)] -> xpath: //*[@id='email']]</span>
                <span class="reporter-method-output">Entered email address Password1 and the object is:[[ChromeDriver: chrome on WIN8_1 (04ed23e8e5b355a75d386089f058f765)] -> xpath: //*[@id='passwd']]</span>
                <span class="reporter-method-output">Clicked on login Submit button & the object is:Proxy element for: DefaultElementLocator 'By.id: SubmitLogin'</span>
                <span class="reporter-method-output">Logout element found. Object is: [[ChromeDriver: chrome on WIN8_1 (04ed23e8e5b355a75d386089f058f765)] -> xpath: //a[@class='logout' and @title='Log me out']]</span>
                <span class="reporter-method-output">Clicked on Logout link at Home page & the object is:Proxy element for: DefaultElementLocator 'By.xpath: //a[@class='logout' and @title='Log me out']'</span>
                <span class="reporter-method-output">----------------Completed Test TC003_VerifyLoginWithDifferentCredentials----------------</span>
                <span class="reporter-method-output"><a href='D:\git\PageFactory_FrameWork\uiAutomation\src\main\java\com\test\automation\uiAutomation\success_screenshots\verifyLoginWithInvalidCredentials_08_11_2017_04_28_57.png'> <img src='D:\git\PageFactory_FrameWork\uiAutomation\src\main\java\com\test\automation\uiAutomation\success_screenshots\verifyLoginWithInvalidCredentials_08_11_2017_04_28_57.png' height='100' width='100'/> </a></span>
              </div> <!-- reporter-method-output-div -->
            </div> <!-- reporter-method-div -->
            <div class="reporter-method-div">
              <span class="reporter-method-name">verifyLoginWithInvalidCredentials(test28101+172@gmail.com, Password1, Y)</span>
              <div class="reporter-method-output-div">
                <span class="reporter-method-output">----------------Starting Test TC003_VerifyLoginWithDifferentCredentials----------------</span>
                <span class="reporter-method-output">SignIn link clicked on the page nav Bar.</span>
                <span class="reporter-method-output">Clicked on Signin link at Home page & the object is:[[ChromeDriver: chrome on WIN8_1 (04ed23e8e5b355a75d386089f058f765)] -> xpath: //*[@id='header']/div[2]/div/div/nav/div[1]/a]</span>
                <span class="reporter-method-output">Entered email address test28101+172@gmail.com and the object is:[[ChromeDriver: chrome on WIN8_1 (04ed23e8e5b355a75d386089f058f765)] -> xpath: //*[@id='email']]</span>
                <span class="reporter-method-output">Entered email address Password1 and the object is:[[ChromeDriver: chrome on WIN8_1 (04ed23e8e5b355a75d386089f058f765)] -> xpath: //*[@id='passwd']]</span>
                <span class="reporter-method-output">Clicked on login Submit button & the object is:Proxy element for: DefaultElementLocator 'By.id: SubmitLogin'</span>
                <span class="reporter-method-output">Logout element found. Object is: [[ChromeDriver: chrome on WIN8_1 (04ed23e8e5b355a75d386089f058f765)] -> xpath: //a[@class='logout' and @title='Log me out']]</span>
                <span class="reporter-method-output">Clicked on Logout link at Home page & the object is:Proxy element for: DefaultElementLocator 'By.xpath: //a[@class='logout' and @title='Log me out']'</span>
                <span class="reporter-method-output">----------------Completed Test TC003_VerifyLoginWithDifferentCredentials----------------</span>
                <span class="reporter-method-output"><a href='D:\git\PageFactory_FrameWork\uiAutomation\src\main\java\com\test\automation\uiAutomation\success_screenshots\verifyLoginWithInvalidCredentials_08_11_2017_04_28_20.png'> <img src='D:\git\PageFactory_FrameWork\uiAutomation\src\main\java\com\test\automation\uiAutomation\success_screenshots\verifyLoginWithInvalidCredentials_08_11_2017_04_28_20.png' height='100' width='100'/> </a></span>
              </div> <!-- reporter-method-output-div -->
            </div> <!-- reporter-method-div -->
            <div class="reporter-method-div">
              <span class="reporter-method-name">verifyLoginWithInvalidCredentials</span>
              <div class="reporter-method-output-div">
                <span class="reporter-method-output">----------------Statring Test TC001_VerifyLoginWithInvalidCredentials----------------</span>
                <span class="reporter-method-output">SignIn link clicked on the page nav Bar.</span>
                <span class="reporter-method-output">Clicked on Signin link at Home page & the object is:[[ChromeDriver: chrome on WIN8_1 (a691579f91931795cd054e380ebfa0a7)] -> xpath: //*[@id='header']/div[2]/div/div/nav/div[1]/a]</span>
                <span class="reporter-method-output">Entered email address test@test.com and the object is:[[ChromeDriver: chrome on WIN8_1 (a691579f91931795cd054e380ebfa0a7)] -> xpath: //*[@id='email']]</span>
                <span class="reporter-method-output">Entered email address qaz123wsx and the object is:[[ChromeDriver: chrome on WIN8_1 (a691579f91931795cd054e380ebfa0a7)] -> xpath: //*[@id='passwd']]</span>
                <span class="reporter-method-output">Clicked on login Submit button & the object is:[[ChromeDriver: chrome on WIN8_1 (a691579f91931795cd054e380ebfa0a7)] -> id: SubmitLogin]</span>
                <span class="reporter-method-output">Authentication Faiulre message text is: Authentication failed.</span>
                <span class="reporter-method-output">----------------Finished Test TC001_VerifyLoginWithInvalidCredentials----------------</span>
                <span class="reporter-method-output"><a href='D:\git\PageFactory_FrameWork\uiAutomation\src\main\java\com\test\automation\uiAutomation\success_screenshots\verifyLoginWithInvalidCredentials_08_11_2017_04_25_41.png'> <img src='D:\git\PageFactory_FrameWork\uiAutomation\src\main\java\com\test\automation\uiAutomation\success_screenshots\verifyLoginWithInvalidCredentials_08_11_2017_04_25_41.png' height='100' width='100'/> </a></span>
              </div> <!-- reporter-method-output-div -->
            </div> <!-- reporter-method-div -->
            <div class="reporter-method-div">
              <span class="reporter-method-name">verfiyRegistration</span>
              <div class="reporter-method-output-div">
                <span class="reporter-method-output">----------------Starting Test TC002_VerfiyRegistration----------------</span>
                <span class="reporter-method-output">SignIn link clicked on the page nav Bar.</span>
                <span class="reporter-method-output">Clicked on Signin link at Home page & the object is:[[ChromeDriver: chrome on WIN8_1 (0bc117f26f0060aefe2a85e540e9580b)] -> xpath: //*[@id='header']/div[2]/div/div/nav/div[1]/a]</span>
                <span class="reporter-method-output">Entered email address Jagjeet_1510138501982@gmail.com and the object is:[[ChromeDriver: chrome on WIN8_1 (0bc117f26f0060aefe2a85e540e9580b)] -> id: email_create]</span>
                <span class="reporter-method-output">Clicked on Register1 Button at Home page & the object is:[[ChromeDriver: chrome on WIN8_1 (0bc117f26f0060aefe2a85e540e9580b)] -> id: SubmitCreate]</span>
                <span class="reporter-method-output">Entered First Name Jagjeet and the object is:[[ChromeDriver: chrome on WIN8_1 (0bc117f26f0060aefe2a85e540e9580b)] -> id: customer_firstname]</span>
                <span class="reporter-method-output">Entered Last Name Singh and the object is:[[ChromeDriver: chrome on WIN8_1 (0bc117f26f0060aefe2a85e540e9580b)] -> id: customer_lastname]</span>
                <span class="reporter-method-output">Entered Password Password1 and the object is:[[ChromeDriver: chrome on WIN8_1 (0bc117f26f0060aefe2a85e540e9580b)] -> id: passwd]</span>
                <span class="reporter-method-output">Entered Address First Name Add Fir Name and the object is:[[ChromeDriver: chrome on WIN8_1 (0bc117f26f0060aefe2a85e540e9580b)] -> id: firstname]</span>
                <span class="reporter-method-output">Entered Address Last Name Add Last Name and the object is:[[ChromeDriver: chrome on WIN8_1 (0bc117f26f0060aefe2a85e540e9580b)] -> id: lastname]</span>
                <span class="reporter-method-output">Entered Address Line 1 Address Line 1 and the object is:[[ChromeDriver: chrome on WIN8_1 (0bc117f26f0060aefe2a85e540e9580b)] -> id: address1]</span>
                <span class="reporter-method-output">Entered city  City and the object is:[[ChromeDriver: chrome on WIN8_1 (0bc117f26f0060aefe2a85e540e9580b)] -> id: city]</span>
                <span class="reporter-method-output">Selected State Alabama and the object is:[[ChromeDriver: chrome on WIN8_1 (0bc117f26f0060aefe2a85e540e9580b)] -> id: id_state]</span>
                <span class="reporter-method-output">Entered postcode 12345 and the object is:[[ChromeDriver: chrome on WIN8_1 (0bc117f26f0060aefe2a85e540e9580b)] -> id: postcode]</span>
                <span class="reporter-method-output">Selected Country United States and the object is:[[ChromeDriver: chrome on WIN8_1 (0bc117f26f0060aefe2a85e540e9580b)] -> id: id_country]</span>
                <span class="reporter-method-output">Entered mobile 1234567890 and the object is:[[ChromeDriver: chrome on WIN8_1 (0bc117f26f0060aefe2a85e540e9580b)] -> id: phone_mobile]</span>
                <span class="reporter-method-output">Entered alias Alias and the object is:[[ChromeDriver: chrome on WIN8_1 (0bc117f26f0060aefe2a85e540e9580b)] -> id: alias]</span>
                <span class="reporter-method-output">Clicked on Register2 Button at Home page & the object is:Proxy element for: DefaultElementLocator 'By.id: submitAccount'</span>
                <span class="reporter-method-output">Registration success element found. Object is: [[ChromeDriver: chrome on WIN8_1 (0bc117f26f0060aefe2a85e540e9580b)] -> xpath: //a[@title='View my customer account']/span]</span>
                <span class="reporter-method-output">Registration success message text is:Jagjeet Singh</span>
                <span class="reporter-method-output">----------------Completed Test TC002_VerfiyRegistration----------------</span>
                <span class="reporter-method-output"><a href='D:\git\PageFactory_FrameWork\uiAutomation\src\main\java\com\test\automation\uiAutomation\success_screenshots\verfiyRegistration_08_11_2017_04_26_24.png'> <img src='D:\git\PageFactory_FrameWork\uiAutomation\src\main\java\com\test\automation\uiAutomation\success_screenshots\verfiyRegistration_08_11_2017_04_26_24.png' height='100' width='100'/> </a></span>
              </div> <!-- reporter-method-output-div -->
            </div> <!-- reporter-method-div -->
            <div class="reporter-method-div">
              <span class="reporter-method-name">verifyLoginWithInvalidCredentials(test28101+172@gmail.com, Password1, y)</span>
              <div class="reporter-method-output-div">
                <span class="reporter-method-output">----------------Starting Test TC003_VerifyLoginWithDifferentCredentials----------------</span>
                <span class="reporter-method-output">SignIn link clicked on the page nav Bar.</span>
                <span class="reporter-method-output">Clicked on Signin link at Home page & the object is:[[ChromeDriver: chrome on WIN8_1 (04ed23e8e5b355a75d386089f058f765)] -> xpath: //*[@id='header']/div[2]/div/div/nav/div[1]/a]</span>
                <span class="reporter-method-output">Entered email address test28101+172@gmail.com and the object is:[[ChromeDriver: chrome on WIN8_1 (04ed23e8e5b355a75d386089f058f765)] -> xpath: //*[@id='email']]</span>
                <span class="reporter-method-output">Entered email address Password1 and the object is:[[ChromeDriver: chrome on WIN8_1 (04ed23e8e5b355a75d386089f058f765)] -> xpath: //*[@id='passwd']]</span>
                <span class="reporter-method-output">Clicked on login Submit button & the object is:Proxy element for: DefaultElementLocator 'By.id: SubmitLogin'</span>
                <span class="reporter-method-output">Logout element found. Object is: [[ChromeDriver: chrome on WIN8_1 (04ed23e8e5b355a75d386089f058f765)] -> xpath: //a[@class='logout' and @title='Log me out']]</span>
                <span class="reporter-method-output">Clicked on Logout link at Home page & the object is:Proxy element for: DefaultElementLocator 'By.xpath: //a[@class='logout' and @title='Log me out']'</span>
                <span class="reporter-method-output">----------------Completed Test TC003_VerifyLoginWithDifferentCredentials----------------</span>
                <span class="reporter-method-output"><a href='D:\git\PageFactory_FrameWork\uiAutomation\src\main\java\com\test\automation\uiAutomation\success_screenshots\verifyLoginWithInvalidCredentials_08_11_2017_04_29_36.png'> <img src='D:\git\PageFactory_FrameWork\uiAutomation\src\main\java\com\test\automation\uiAutomation\success_screenshots\verifyLoginWithInvalidCredentials_08_11_2017_04_29_36.png' height='100' width='100'/> </a></span>
              </div> <!-- reporter-method-output-div -->
            </div> <!-- reporter-method-div -->
            <div class="reporter-method-div">
              <span class="reporter-method-name">verifyLoginWithInvalidCredentials(test28101+132@gmail.com, Password2, Y)</span>
              <div class="reporter-method-output-div">
                <span class="reporter-method-output">----------------Starting Test TC003_VerifyLoginWithDifferentCredentials----------------</span>
                <span class="reporter-method-output">SignIn link clicked on the page nav Bar.</span>
                <span class="reporter-method-output">Clicked on Signin link at Home page & the object is:[[ChromeDriver: chrome on WIN8_1 (04ed23e8e5b355a75d386089f058f765)] -> xpath: //*[@id='header']/div[2]/div/div/nav/div[1]/a]</span>
                <span class="reporter-method-output">Entered email address test28101+132@gmail.com and the object is:[[ChromeDriver: chrome on WIN8_1 (04ed23e8e5b355a75d386089f058f765)] -> xpath: //*[@id='email']]</span>
                <span class="reporter-method-output">Entered email address Password2 and the object is:[[ChromeDriver: chrome on WIN8_1 (04ed23e8e5b355a75d386089f058f765)] -> xpath: //*[@id='passwd']]</span>
                <span class="reporter-method-output">Clicked on login Submit button & the object is:[[ChromeDriver: chrome on WIN8_1 (04ed23e8e5b355a75d386089f058f765)] -> id: SubmitLogin]</span>
                <span class="reporter-method-output">Logout Link element not found.</span>
                <span class="reporter-method-output"><a href='D:\git\PageFactory_FrameWork\uiAutomation\src\main\java\com\test\automation\uiAutomation\failure_screenshots\verifyLoginWithInvalidCredentials_08_11_2017_04_27_42.png'> <img src='D:\git\PageFactory_FrameWork\uiAutomation\src\main\java\com\test\automation\uiAutomation\failure_screenshots\verifyLoginWithInvalidCredentials_08_11_2017_04_27_42.png' height='100' width='100'/> </a></span>
              </div> <!-- reporter-method-output-div -->
            </div> <!-- reporter-method-div -->
            <div class="reporter-method-div">
              <span class="reporter-method-name">verifyLoginWithInvalidCredentials(test28101+172@gmail.com, Password1, n)</span>
              <div class="reporter-method-output-div">
                <span class="reporter-method-output">----------------Starting Test TC003_VerifyLoginWithDifferentCredentials----------------</span>
                <span class="reporter-method-output">Test is skipped:verifyLoginWithInvalidCredentials</span>
              </div> <!-- reporter-method-output-div -->
            </div> <!-- reporter-method-div -->
            <div class="reporter-method-div">
              <span class="reporter-method-name">verifyFacebookShareLink</span>
              <div class="reporter-method-output-div">
                <span class="reporter-method-output">----------------Statring Test TC002_VerifyFacebookShareLink----------------</span>
                <span class="reporter-method-output">Clicked on Facebook Share link and object is: [[ChromeDriver: chrome on WIN8_1 (33f2d10d8cfada0bc74f45e254b4a4c0)] -> xpath: //button[@class= 'btn btn-default btn-facebook']]</span>
                <span class="reporter-method-output">Switched to Facebook popup.</span>
                <span class="reporter-method-output">Facebook Popup header text is: Log in to your Facebook account to share.
Email address or phone number:
Password:
Forgotten account?
Create New Account</span>
                <span class="reporter-method-output">----------------Finished Test TC002_VerifyFacebookShareLink----------------</span>
                <span class="reporter-method-output"><a href='D:\git\PageFactory_FrameWork\uiAutomation\src\main\java\com\test\automation\uiAutomation\success_screenshots\verifyFacebookShareLink_08_11_2017_04_30_56.png'> <img src='D:\git\PageFactory_FrameWork\uiAutomation\src\main\java\com\test\automation\uiAutomation\success_screenshots\verifyFacebookShareLink_08_11_2017_04_30_56.png' height='100' width='100'/> </a></span>
              </div> <!-- reporter-method-output-div -->
            </div> <!-- reporter-method-div -->
            <div class="reporter-method-div">
              <span class="reporter-method-name">verifyProductTitle</span>
              <div class="reporter-method-output-div">
                <span class="reporter-method-output">----------------Statring Test TC001_VerifyProductTitle----------------</span>
                <span class="reporter-method-output">Main category choosen as:Women</span>
                <span class="reporter-method-output">Sub category choosen as:Tops</span>
                <span class="reporter-method-output">Product Type choosen as:T-shirts</span>
                <span class="reporter-method-output">Product Selected as:Faded Short Sleeve T-shirts</span>
                <span class="reporter-method-output">Returning Product Title:Faded Short Sleeve T-shirts</span>
                <span class="reporter-method-output">----------------Finished Test TC001_VerifyProductTitle----------------</span>
                <span class="reporter-method-output"><a href='D:\git\PageFactory_FrameWork\uiAutomation\src\main\java\com\test\automation\uiAutomation\success_screenshots\verifyProductTitle_08_11_2017_04_30_37.png'> <img src='D:\git\PageFactory_FrameWork\uiAutomation\src\main\java\com\test\automation\uiAutomation\success_screenshots\verifyProductTitle_08_11_2017_04_30_37.png' height='100' width='100'/> </a></span>
              </div> <!-- reporter-method-output-div -->
            </div> <!-- reporter-method-div -->
          </div> <!-- main-panel-content rounded-window-bottom -->
        </div> <!-- panel -->
        <div panel-name="ignored-methods-Regression_Suite" class="panel">
          <div class="main-panel-header rounded-window-top">
            <span class="header-content">0 ignored methods</span>
          </div> <!-- main-panel-header rounded-window-top -->
          <div class="main-panel-content rounded-window-bottom">
          </div> <!-- main-panel-content rounded-window-bottom -->
        </div> <!-- panel -->
        <div panel-name="chronological-Regression_Suite" class="panel">
          <div class="main-panel-header rounded-window-top">
            <span class="header-content">Methods in chronological order</span>
          </div> <!-- main-panel-header rounded-window-top -->
          <div class="main-panel-content rounded-window-bottom">
            <div class="chronological-class">
              <div class="chronological-class-name">com.test.automation.uiAutomation.registerPage.TC001_VerifyLoginWithInvalidCredentials</div> <!-- chronological-class-name -->
              <div class="configuration-class before">
                <span class="method-name">setup</span>
                <span class="method-start">0 ms</span>
              </div> <!-- configuration-class before -->
              <div class="configuration-method before">
                <span class="method-name">beforeMethod(public void com.test.automation.uiAutomation.registerPage.TC001_VerifyLoginWithInvalidCredentials.ve...)</span>
                <span class="method-start">29404 ms</span>
              </div> <!-- configuration-method before -->
              <div class="test-method">
                <span class="method-name">verifyLoginWithInvalidCredentials</span>
                <span class="method-start">29415 ms</span>
              </div> <!-- test-method -->
              <div class="configuration-method after">
                <span class="method-name">afterMethod([TestResult name=verifyLoginWithInvalidCredentials status=SUCCESS method=TC001_VerifyLoginWithInvali...)</span>
                <span class="method-start">39773 ms</span>
              </div> <!-- configuration-method after -->
              <div class="configuration-class after">
                <span class="method-name">endTest</span>
                <span class="method-start">39774 ms</span>
              </div> <!-- configuration-class after -->
            </div> <!-- chronological-class -->
            <div class="chronological-class">
              <div class="chronological-class-name">com.test.automation.uiAutomation.registerPage.TC002_VerfiyRegistration</div> <!-- chronological-class-name -->
              <div class="configuration-class before">
                <span class="method-name">setup</span>
                <span class="method-start">42493 ms</span>
              </div> <!-- configuration-class before -->
              <div class="configuration-method before">
                <span class="method-name">beforeMethod(public void com.test.automation.uiAutomation.registerPage.TC002_VerfiyRegistration.verfiyRegistratio...)</span>
                <span class="method-start">56414 ms</span>
              </div> <!-- configuration-method before -->
              <div class="test-method">
                <span class="method-name">verfiyRegistration</span>
                <span class="method-start">56414 ms</span>
              </div> <!-- test-method -->
              <div class="configuration-method after">
                <span class="method-name">afterMethod([TestResult name=verfiyRegistration status=SUCCESS method=TC002_VerfiyRegistration.verfiyRegistratio...)</span>
                <span class="method-start">83230 ms</span>
              </div> <!-- configuration-method after -->
              <div class="configuration-class after">
                <span class="method-name">endTest</span>
                <span class="method-start">83230 ms</span>
              </div> <!-- configuration-class after -->
            </div> <!-- chronological-class -->
            <div class="chronological-class">
              <div class="chronological-class-name">com.test.automation.uiAutomation.registerPage.TC003_VerifyLoginWithDifferentCredentials</div> <!-- chronological-class-name -->
              <div class="configuration-class before">
                <span class="method-name">setup</span>
                <span class="method-start">84567 ms</span>
              </div> <!-- configuration-class before -->
              <div class="configuration-method before">
                <span class="method-name">beforeMethod(public void com.test.automation.uiAutomation.registerPage.TC003_VerifyLoginWithDifferentCredentials....)</span>
                <span class="method-start">103940 ms</span>
              </div> <!-- configuration-method before -->
              <div class="test-method">
                <span class="method-name">verifyLoginWithInvalidCredentials(test28101+172@gmail.com, Password1, Y)</span>
                <span class="method-start">103940 ms</span>
              </div> <!-- test-method -->
              <div class="configuration-method after">
                <span class="method-name">afterMethod([TestResult name=verifyLoginWithInvalidCredentials status=SUCCESS method=TC003_VerifyLoginWithDiffer...)</span>
                <span class="method-start">141564 ms</span>
              </div> <!-- configuration-method after -->
              <div class="configuration-method before">
                <span class="method-name">beforeMethod(public void com.test.automation.uiAutomation.registerPage.TC003_VerifyLoginWithDifferentCredentials....)</span>
                <span class="method-start">141564 ms</span>
              </div> <!-- configuration-method before -->
              <div class="test-method">
                <img src="failed.png">
                </img>
                <span class="method-name">verifyLoginWithInvalidCredentials(test28101+132@gmail.com, Password2, Y)</span>
                <span class="method-start">141565 ms</span>
              </div> <!-- test-method -->
              <div class="configuration-method after">
                <span class="method-name">afterMethod([TestResult name=verifyLoginWithInvalidCredentials status=FAILURE method=TC003_VerifyLoginWithDiffer...)</span>
                <span class="method-start">161260 ms</span>
              </div> <!-- configuration-method after -->
              <div class="configuration-method before">
                <span class="method-name">beforeMethod(public void com.test.automation.uiAutomation.registerPage.TC003_VerifyLoginWithDifferentCredentials....)</span>
                <span class="method-start">161625 ms</span>
              </div> <!-- configuration-method before -->
              <div class="test-method">
                <span class="method-name">verifyLoginWithInvalidCredentials(test28101+172@gmail.com, Password1, Y)</span>
                <span class="method-start">161625 ms</span>
              </div> <!-- test-method -->
              <div class="configuration-method after">
                <span class="method-name">afterMethod([TestResult name=verifyLoginWithInvalidCredentials status=SUCCESS method=TC003_VerifyLoginWithDiffer...)</span>
                <span class="method-start">198837 ms</span>
              </div> <!-- configuration-method after -->
              <div class="configuration-method before">
                <span class="method-name">beforeMethod(public void com.test.automation.uiAutomation.registerPage.TC003_VerifyLoginWithDifferentCredentials....)</span>
                <span class="method-start">198837 ms</span>
              </div> <!-- configuration-method before -->
              <div class="test-method">
                <span class="method-name">verifyLoginWithInvalidCredentials(test28101+132@gmail.com, Password1, y)</span>
                <span class="method-start">198838 ms</span>
              </div> <!-- test-method -->
              <div class="configuration-method after">
                <span class="method-name">afterMethod([TestResult name=verifyLoginWithInvalidCredentials status=SUCCESS method=TC003_VerifyLoginWithDiffer...)</span>
                <span class="method-start">236112 ms</span>
              </div> <!-- configuration-method after -->
              <div class="configuration-method before">
                <span class="method-name">beforeMethod(public void com.test.automation.uiAutomation.registerPage.TC003_VerifyLoginWithDifferentCredentials....)</span>
                <span class="method-start">236113 ms</span>
              </div> <!-- configuration-method before -->
              <div class="test-method">
                <span class="method-name">verifyLoginWithInvalidCredentials(test28101+172@gmail.com, Password1, y)</span>
                <span class="method-start">236113 ms</span>
              </div> <!-- test-method -->
              <div class="configuration-method after">
                <span class="method-name">afterMethod([TestResult name=verifyLoginWithInvalidCredentials status=SUCCESS method=TC003_VerifyLoginWithDiffer...)</span>
                <span class="method-start">274384 ms</span>
              </div> <!-- configuration-method after -->
              <div class="configuration-method before">
                <span class="method-name">beforeMethod(public void com.test.automation.uiAutomation.registerPage.TC003_VerifyLoginWithDifferentCredentials....)</span>
                <span class="method-start">274384 ms</span>
              </div> <!-- configuration-method before -->
              <div class="test-method">
                <span class="method-name">verifyLoginWithInvalidCredentials(test28101+132@gmail.com, Password1, y)</span>
                <span class="method-start">274384 ms</span>
              </div> <!-- test-method -->
              <div class="configuration-method after">
                <span class="method-name">afterMethod([TestResult name=verifyLoginWithInvalidCredentials status=SUCCESS method=TC003_VerifyLoginWithDiffer...)</span>
                <span class="method-start">311443 ms</span>
              </div> <!-- configuration-method after -->
              <div class="configuration-method before">
                <span class="method-name">beforeMethod(public void com.test.automation.uiAutomation.registerPage.TC003_VerifyLoginWithDifferentCredentials....)</span>
                <span class="method-start">311443 ms</span>
              </div> <!-- configuration-method before -->
              <div class="test-method">
                <span class="method-name">verifyLoginWithInvalidCredentials(test28101+172@gmail.com, Password1, n)</span>
                <span class="method-start">311444 ms</span>
              </div> <!-- test-method -->
              <div class="configuration-method after">
                <span class="method-name">afterMethod([TestResult name=verifyLoginWithInvalidCredentials status=SKIP method=TC003_VerifyLoginWithDifferent...)</span>
                <span class="method-start">311449 ms</span>
              </div> <!-- configuration-method after -->
              <div class="configuration-class after">
                <span class="method-name">endTest</span>
                <span class="method-start">311449 ms</span>
              </div> <!-- configuration-class after -->
            </div> <!-- chronological-class -->
            <div class="chronological-class">
              <div class="chronological-class-name">com.test.automation.uiAutomation.productDetailsPage.TC001_VerifyProductTitle</div> <!-- chronological-class-name -->
              <div class="configuration-class before">
                <span class="method-name">setup</span>
                <span class="method-start">313536 ms</span>
              </div> <!-- configuration-class before -->
              <div class="configuration-method before">
                <span class="method-name">beforeMethod(public void com.test.automation.uiAutomation.productDetailsPage.TC001_VerifyProductTitle.verifyProdu...)</span>
                <span class="method-start">328026 ms</span>
              </div> <!-- configuration-method before -->
              <div class="test-method">
                <span class="method-name">verifyProductTitle</span>
                <span class="method-start">328027 ms</span>
              </div> <!-- test-method -->
              <div class="configuration-method after">
                <span class="method-name">afterMethod([TestResult name=verifyProductTitle status=SUCCESS method=TC001_VerifyProductTitle.verifyProductTitl...)</span>
                <span class="method-start">336107 ms</span>
              </div> <!-- configuration-method after -->
              <div class="configuration-class after">
                <span class="method-name">endTest</span>
                <span class="method-start">336107 ms</span>
              </div> <!-- configuration-class after -->
            </div> <!-- chronological-class -->
            <div class="chronological-class">
              <div class="chronological-class-name">com.test.automation.uiAutomation.productDetailsPage.TC002_VerifyFacebookShareLink</div> <!-- chronological-class-name -->
              <div class="configuration-class before">
                <span class="method-name">setup</span>
                <span class="method-start">337608 ms</span>
              </div> <!-- configuration-class before -->
              <div class="configuration-method before">
                <span class="method-name">beforeMethod(public void com.test.automation.uiAutomation.productDetailsPage.TC002_VerifyFacebookShareLink.verify...)</span>
                <span class="method-start">349551 ms</span>
              </div> <!-- configuration-method before -->
              <div class="test-method">
                <span class="method-name">verifyFacebookShareLink</span>
                <span class="method-start">349552 ms</span>
              </div> <!-- test-method -->
              <div class="configuration-method after">
                <span class="method-name">afterMethod([TestResult name=verifyFacebookShareLink status=SUCCESS method=TC002_VerifyFacebookShareLink.verifyF...)</span>
                <span class="method-start">354996 ms</span>
              </div> <!-- configuration-method after -->
              <div class="configuration-class after">
                <span class="method-name">endTest</span>
                <span class="method-start">354996 ms</span>
              </div> <!-- configuration-class after -->
          </div> <!-- main-panel-content rounded-window-bottom -->
        </div> <!-- panel -->
      </div> <!-- main-panel-root -->
    </div> <!-- wrapper -->
  </body>
</html>
