<?xml version="1.0" encoding="UTF-8"?>
<testng-results skipped="5" failed="1" ignored="0" total="11" passed="5">
  <reporter-output>
    <line>
      <![CDATA[Opening Browserchrome]]>
    </line>
    <line>
      <![CDATA[Opening URLhttp://automationpractice.com/index.php]]>
    </line>
    <line>
      <![CDATA[----------------Starting Test TC003_VerifyLoginWithDifferentCredentials----------------]]>
    </line>
    <line>
      <![CDATA[SignIn link clicked on the page nav Bar.]]>
    </line>
    <line>
      <![CDATA[Clicked on Signin link at Home page & the object is:[[ChromeDriver: chrome on XP (a400a0fa274743fd7f657fa11b0fe443)] -> xpath: //*[@id='header']/div[2]/div/div/nav/div[1]/a]]]>
    </line>
    <line>
      <![CDATA[Entered email address test28101+172@gmail.com and the object is:[[ChromeDriver: chrome on XP (a400a0fa274743fd7f657fa11b0fe443)] -> xpath: //*[@id='email']]]]>
    </line>
    <line>
      <![CDATA[Entered email address Password1 and the object is:[[ChromeDriver: chrome on XP (a400a0fa274743fd7f657fa11b0fe443)] -> xpath: //*[@id='passwd']]]]>
    </line>
    <line>
      <![CDATA[Clicked on login Submit button & the object is:Proxy element for: DefaultElementLocator 'By.id: SubmitLogin']]>
    </line>
    <line>
      <![CDATA[Logout element found. Object is: [[ChromeDriver: chrome on XP (a400a0fa274743fd7f657fa11b0fe443)] -> xpath: //a[@class='logout' and @title='Log me out']]]]>
    </line>
    <line>
      <![CDATA[Clicked on Logout link at Home page & the object is:Proxy element for: DefaultElementLocator 'By.xpath: //a[@class='logout' and @title='Log me out']']]>
    </line>
    <line>
      <![CDATA[----------------Completed Test TC003_VerifyLoginWithDifferentCredentials----------------]]>
    </line>
    <line>
      <![CDATA[<a href='E:\Selenium\PageFactory_FrameWork\uiAutomation\src\main\java\com\test\automation\uiAutomation\success_screenshots\verifyLoginWithInvalidCredentials_27_10_2017_11_19_12.png'> <img src='E:\Selenium\PageFactory_FrameWork\uiAutomation\src\main\java\com\test\automation\uiAutomation\success_screenshots\verifyLoginWithInvalidCredentials_27_10_2017_11_19_12.png' height='100' width='100'/> </a>]]>
    </line>
    <line>
      <![CDATA[----------------Starting Test TC003_VerifyLoginWithDifferentCredentials----------------]]>
    </line>
    <line>
      <![CDATA[SignIn link clicked on the page nav Bar.]]>
    </line>
    <line>
      <![CDATA[Clicked on Signin link at Home page & the object is:[[ChromeDriver: chrome on XP (a400a0fa274743fd7f657fa11b0fe443)] -> xpath: //*[@id='header']/div[2]/div/div/nav/div[1]/a]]]>
    </line>
    <line>
      <![CDATA[Entered email address test28101+132@gmail.com and the object is:[[ChromeDriver: chrome on XP (a400a0fa274743fd7f657fa11b0fe443)] -> xpath: //*[@id='email']]]]>
    </line>
    <line>
      <![CDATA[Entered email address Password2 and the object is:[[ChromeDriver: chrome on XP (a400a0fa274743fd7f657fa11b0fe443)] -> xpath: //*[@id='passwd']]]]>
    </line>
    <line>
      <![CDATA[Clicked on login Submit button & the object is:[[ChromeDriver: chrome on XP (a400a0fa274743fd7f657fa11b0fe443)] -> id: SubmitLogin]]]>
    </line>
    <line>
      <![CDATA[Logout Link element not found.]]>
    </line>
    <line>
      <![CDATA[Retrying test verifyLoginWithInvalidCredentials with status FAILURE for the 1 time(s).]]>
    </line>
    <line>
      <![CDATA[Test is skipped:verifyLoginWithInvalidCredentials]]>
    </line>
    <line>
      <![CDATA[----------------Starting Test TC003_VerifyLoginWithDifferentCredentials----------------]]>
    </line>
    <line>
      <![CDATA[SignIn link clicked on the page nav Bar.]]>
    </line>
    <line>
      <![CDATA[Clicked on Signin link at Home page & the object is:[[ChromeDriver: chrome on XP (a400a0fa274743fd7f657fa11b0fe443)] -> xpath: //*[@id='header']/div[2]/div/div/nav/div[1]/a]]]>
    </line>
    <line>
      <![CDATA[Entered email address test28101+132@gmail.com and the object is:[[ChromeDriver: chrome on XP (a400a0fa274743fd7f657fa11b0fe443)] -> xpath: //*[@id='email']]]]>
    </line>
    <line>
      <![CDATA[Entered email address Password2 and the object is:[[ChromeDriver: chrome on XP (a400a0fa274743fd7f657fa11b0fe443)] -> xpath: //*[@id='passwd']]]]>
    </line>
    <line>
      <![CDATA[Clicked on login Submit button & the object is:[[ChromeDriver: chrome on XP (a400a0fa274743fd7f657fa11b0fe443)] -> id: SubmitLogin]]]>
    </line>
    <line>
      <![CDATA[Logout Link element not found.]]>
    </line>
    <line>
      <![CDATA[Retrying test verifyLoginWithInvalidCredentials with status FAILURE for the 2 time(s).]]>
    </line>
    <line>
      <![CDATA[Test is skipped:verifyLoginWithInvalidCredentials]]>
    </line>
    <line>
      <![CDATA[----------------Starting Test TC003_VerifyLoginWithDifferentCredentials----------------]]>
    </line>
    <line>
      <![CDATA[SignIn link clicked on the page nav Bar.]]>
    </line>
    <line>
      <![CDATA[Clicked on Signin link at Home page & the object is:[[ChromeDriver: chrome on XP (a400a0fa274743fd7f657fa11b0fe443)] -> xpath: //*[@id='header']/div[2]/div/div/nav/div[1]/a]]]>
    </line>
    <line>
      <![CDATA[Entered email address test28101+132@gmail.com and the object is:[[ChromeDriver: chrome on XP (a400a0fa274743fd7f657fa11b0fe443)] -> xpath: //*[@id='email']]]]>
    </line>
    <line>
      <![CDATA[Entered email address Password2 and the object is:[[ChromeDriver: chrome on XP (a400a0fa274743fd7f657fa11b0fe443)] -> xpath: //*[@id='passwd']]]]>
    </line>
    <line>
      <![CDATA[Clicked on login Submit button & the object is:[[ChromeDriver: chrome on XP (a400a0fa274743fd7f657fa11b0fe443)] -> id: SubmitLogin]]]>
    </line>
    <line>
      <![CDATA[Logout Link element not found.]]>
    </line>
    <line>
      <![CDATA[Retrying test verifyLoginWithInvalidCredentials with status FAILURE for the 3 time(s).]]>
    </line>
    <line>
      <![CDATA[Test is skipped:verifyLoginWithInvalidCredentials]]>
    </line>
    <line>
      <![CDATA[----------------Starting Test TC003_VerifyLoginWithDifferentCredentials----------------]]>
    </line>
    <line>
      <![CDATA[SignIn link clicked on the page nav Bar.]]>
    </line>
    <line>
      <![CDATA[Clicked on Signin link at Home page & the object is:[[ChromeDriver: chrome on XP (a400a0fa274743fd7f657fa11b0fe443)] -> xpath: //*[@id='header']/div[2]/div/div/nav/div[1]/a]]]>
    </line>
    <line>
      <![CDATA[Entered email address test28101+132@gmail.com and the object is:[[ChromeDriver: chrome on XP (a400a0fa274743fd7f657fa11b0fe443)] -> xpath: //*[@id='email']]]]>
    </line>
    <line>
      <![CDATA[Entered email address Password2 and the object is:[[ChromeDriver: chrome on XP (a400a0fa274743fd7f657fa11b0fe443)] -> xpath: //*[@id='passwd']]]]>
    </line>
    <line>
      <![CDATA[Clicked on login Submit button & the object is:[[ChromeDriver: chrome on XP (a400a0fa274743fd7f657fa11b0fe443)] -> id: SubmitLogin]]]>
    </line>
    <line>
      <![CDATA[Logout Link element not found.]]>
    </line>
    <line>
      <![CDATA[<a href='E:\Selenium\PageFactory_FrameWork\uiAutomation\src\main\java\com\test\automation\uiAutomation\failure_screenshots\verifyLoginWithInvalidCredentials_27_10_2017_11_20_31.png'> <img src='E:\Selenium\PageFactory_FrameWork\uiAutomation\src\main\java\com\test\automation\uiAutomation\failure_screenshots\verifyLoginWithInvalidCredentials_27_10_2017_11_20_31.png' height='100' width='100'/> </a>]]>
    </line>
    <line>
      <![CDATA[----------------Starting Test TC003_VerifyLoginWithDifferentCredentials----------------]]>
    </line>
    <line>
      <![CDATA[SignIn link clicked on the page nav Bar.]]>
    </line>
    <line>
      <![CDATA[Clicked on Signin link at Home page & the object is:[[ChromeDriver: chrome on XP (a400a0fa274743fd7f657fa11b0fe443)] -> xpath: //*[@id='header']/div[2]/div/div/nav/div[1]/a]]]>
    </line>
    <line>
      <![CDATA[Entered email address test28101+172@gmail.com and the object is:[[ChromeDriver: chrome on XP (a400a0fa274743fd7f657fa11b0fe443)] -> xpath: //*[@id='email']]]]>
    </line>
    <line>
      <![CDATA[Entered email address Password1 and the object is:[[ChromeDriver: chrome on XP (a400a0fa274743fd7f657fa11b0fe443)] -> xpath: //*[@id='passwd']]]]>
    </line>
    <line>
      <![CDATA[Clicked on login Submit button & the object is:Proxy element for: DefaultElementLocator 'By.id: SubmitLogin']]>
    </line>
    <line>
      <![CDATA[Logout element found. Object is: [[ChromeDriver: chrome on XP (a400a0fa274743fd7f657fa11b0fe443)] -> xpath: //a[@class='logout' and @title='Log me out']]]]>
    </line>
    <line>
      <![CDATA[Clicked on Logout link at Home page & the object is:Proxy element for: DefaultElementLocator 'By.xpath: //a[@class='logout' and @title='Log me out']']]>
    </line>
    <line>
      <![CDATA[----------------Completed Test TC003_VerifyLoginWithDifferentCredentials----------------]]>
    </line>
    <line>
      <![CDATA[<a href='E:\Selenium\PageFactory_FrameWork\uiAutomation\src\main\java\com\test\automation\uiAutomation\success_screenshots\verifyLoginWithInvalidCredentials_27_10_2017_11_21_09.png'> <img src='E:\Selenium\PageFactory_FrameWork\uiAutomation\src\main\java\com\test\automation\uiAutomation\success_screenshots\verifyLoginWithInvalidCredentials_27_10_2017_11_21_09.png' height='100' width='100'/> </a>]]>
    </line>
    <line>
      <![CDATA[----------------Starting Test TC003_VerifyLoginWithDifferentCredentials----------------]]>
    </line>
    <line>
      <![CDATA[SignIn link clicked on the page nav Bar.]]>
    </line>
    <line>
      <![CDATA[Clicked on Signin link at Home page & the object is:[[ChromeDriver: chrome on XP (a400a0fa274743fd7f657fa11b0fe443)] -> xpath: //*[@id='header']/div[2]/div/div/nav/div[1]/a]]]>
    </line>
    <line>
      <![CDATA[Entered email address test28101+132@gmail.com and the object is:[[ChromeDriver: chrome on XP (a400a0fa274743fd7f657fa11b0fe443)] -> xpath: //*[@id='email']]]]>
    </line>
    <line>
      <![CDATA[Entered email address Password1 and the object is:[[ChromeDriver: chrome on XP (a400a0fa274743fd7f657fa11b0fe443)] -> xpath: //*[@id='passwd']]]]>
    </line>
    <line>
      <![CDATA[Clicked on login Submit button & the object is:Proxy element for: DefaultElementLocator 'By.id: SubmitLogin']]>
    </line>
    <line>
      <![CDATA[Logout element found. Object is: [[ChromeDriver: chrome on XP (a400a0fa274743fd7f657fa11b0fe443)] -> xpath: //a[@class='logout' and @title='Log me out']]]]>
    </line>
    <line>
      <![CDATA[Clicked on Logout link at Home page & the object is:Proxy element for: DefaultElementLocator 'By.xpath: //a[@class='logout' and @title='Log me out']']]>
    </line>
    <line>
      <![CDATA[----------------Completed Test TC003_VerifyLoginWithDifferentCredentials----------------]]>
    </line>
    <line>
      <![CDATA[<a href='E:\Selenium\PageFactory_FrameWork\uiAutomation\src\main\java\com\test\automation\uiAutomation\success_screenshots\verifyLoginWithInvalidCredentials_27_10_2017_11_21_47.png'> <img src='E:\Selenium\PageFactory_FrameWork\uiAutomation\src\main\java\com\test\automation\uiAutomation\success_screenshots\verifyLoginWithInvalidCredentials_27_10_2017_11_21_47.png' height='100' width='100'/> </a>]]>
    </line>
    <line>
      <![CDATA[----------------Starting Test TC003_VerifyLoginWithDifferentCredentials----------------]]>
    </line>
    <line>
      <![CDATA[SignIn link clicked on the page nav Bar.]]>
    </line>
    <line>
      <![CDATA[Clicked on Signin link at Home page & the object is:[[ChromeDriver: chrome on XP (a400a0fa274743fd7f657fa11b0fe443)] -> xpath: //*[@id='header']/div[2]/div/div/nav/div[1]/a]]]>
    </line>
    <line>
      <![CDATA[Entered email address test28101+172@gmail.com and the object is:[[ChromeDriver: chrome on XP (a400a0fa274743fd7f657fa11b0fe443)] -> xpath: //*[@id='email']]]]>
    </line>
    <line>
      <![CDATA[Entered email address Password1 and the object is:[[ChromeDriver: chrome on XP (a400a0fa274743fd7f657fa11b0fe443)] -> xpath: //*[@id='passwd']]]]>
    </line>
    <line>
      <![CDATA[Clicked on login Submit button & the object is:Proxy element for: DefaultElementLocator 'By.id: SubmitLogin']]>
    </line>
    <line>
      <![CDATA[Logout element found. Object is: [[ChromeDriver: chrome on XP (a400a0fa274743fd7f657fa11b0fe443)] -> xpath: //a[@class='logout' and @title='Log me out']]]]>
    </line>
    <line>
      <![CDATA[Clicked on Logout link at Home page & the object is:Proxy element for: DefaultElementLocator 'By.xpath: //a[@class='logout' and @title='Log me out']']]>
    </line>
    <line>
      <![CDATA[----------------Completed Test TC003_VerifyLoginWithDifferentCredentials----------------]]>
    </line>
    <line>
      <![CDATA[<a href='E:\Selenium\PageFactory_FrameWork\uiAutomation\src\main\java\com\test\automation\uiAutomation\success_screenshots\verifyLoginWithInvalidCredentials_27_10_2017_11_22_26.png'> <img src='E:\Selenium\PageFactory_FrameWork\uiAutomation\src\main\java\com\test\automation\uiAutomation\success_screenshots\verifyLoginWithInvalidCredentials_27_10_2017_11_22_26.png' height='100' width='100'/> </a>]]>
    </line>
    <line>
      <![CDATA[----------------Starting Test TC003_VerifyLoginWithDifferentCredentials----------------]]>
    </line>
    <line>
      <![CDATA[SignIn link clicked on the page nav Bar.]]>
    </line>
    <line>
      <![CDATA[Clicked on Signin link at Home page & the object is:[[ChromeDriver: chrome on XP (a400a0fa274743fd7f657fa11b0fe443)] -> xpath: //*[@id='header']/div[2]/div/div/nav/div[1]/a]]]>
    </line>
    <line>
      <![CDATA[Entered email address test28101+132@gmail.com and the object is:[[ChromeDriver: chrome on XP (a400a0fa274743fd7f657fa11b0fe443)] -> xpath: //*[@id='email']]]]>
    </line>
    <line>
      <![CDATA[Entered email address Password1 and the object is:[[ChromeDriver: chrome on XP (a400a0fa274743fd7f657fa11b0fe443)] -> xpath: //*[@id='passwd']]]]>
    </line>
    <line>
      <![CDATA[Clicked on login Submit button & the object is:Proxy element for: DefaultElementLocator 'By.id: SubmitLogin']]>
    </line>
    <line>
      <![CDATA[Logout element found. Object is: [[ChromeDriver: chrome on XP (a400a0fa274743fd7f657fa11b0fe443)] -> xpath: //a[@class='logout' and @title='Log me out']]]]>
    </line>
    <line>
      <![CDATA[Clicked on Logout link at Home page & the object is:Proxy element for: DefaultElementLocator 'By.xpath: //a[@class='logout' and @title='Log me out']']]>
    </line>
    <line>
      <![CDATA[----------------Completed Test TC003_VerifyLoginWithDifferentCredentials----------------]]>
    </line>
    <line>
      <![CDATA[<a href='E:\Selenium\PageFactory_FrameWork\uiAutomation\src\main\java\com\test\automation\uiAutomation\success_screenshots\verifyLoginWithInvalidCredentials_27_10_2017_11_23_03.png'> <img src='E:\Selenium\PageFactory_FrameWork\uiAutomation\src\main\java\com\test\automation\uiAutomation\success_screenshots\verifyLoginWithInvalidCredentials_27_10_2017_11_23_03.png' height='100' width='100'/> </a>]]>
    </line>
    <line>
      <![CDATA[----------------Starting Test TC003_VerifyLoginWithDifferentCredentials----------------]]>
    </line>
    <line>
      <![CDATA[Test is skipped:verifyLoginWithInvalidCredentials]]>
    </line>
    <line>
      <![CDATA[----------------Starting Test TC003_VerifyLoginWithDifferentCredentials----------------]]>
    </line>
    <line>
      <![CDATA[Test is skipped:verifyLoginWithInvalidCredentials]]>
    </line>
    <line>
      <![CDATA[Closing the Browser and driver instance!]]>
    </line>
  </reporter-output>
  <suite name="Regression Suite" duration-ms="292184" started-at="2017-10-27T17:48:15Z" finished-at="2017-10-27T17:53:07Z">
    <groups>
    </groups>
    <test name="Register Page Tests" duration-ms="291987" started-at="2017-10-27T17:48:15Z" finished-at="2017-10-27T17:53:07Z">
      <class name="com.test.automation.uiAutomation.registerPage.TC003_VerifyLoginWithDifferentCredentials">
        <test-method status="PASS" signature="setup()[pri:0, instance:com.test.automation.uiAutomation.registerPage.TC003_VerifyLoginWithDifferentCredentials@1cab519]" name="setup" is-config="true" duration-ms="15580" started-at="2017-10-27T23:18:15Z" finished-at="2017-10-27T23:18:30Z">
          <reporter-output>
            <line>
              <![CDATA[Opening Browserchrome]]>
            </line>
            <line>
              <![CDATA[Opening URLhttp://automationpractice.com/index.php]]>
            </line>
          </reporter-output>
        </test-method> <!-- setup -->
        <test-method status="PASS" signature="verifyLoginWithInvalidCredentials(java.lang.String, java.lang.String, java.lang.String)[pri:0, instance:com.test.automation.uiAutomation.registerPage.TC003_VerifyLoginWithDifferentCredentials@1cab519]" name="verifyLoginWithInvalidCredentials" duration-ms="39269" started-at="2017-10-27T23:18:33Z" data-provider="LoginData" finished-at="2017-10-27T23:19:12Z">
          <params>
            <param index="0">
              <value>
                <![CDATA[test28101+172@gmail.com]]>
              </value>
            </param>
            <param index="1">
              <value>
                <![CDATA[Password1]]>
              </value>
            </param>
            <param index="2">
              <value>
                <![CDATA[Y]]>
              </value>
            </param>
          </params>
          <reporter-output>
            <line>
              <![CDATA[----------------Starting Test TC003_VerifyLoginWithDifferentCredentials----------------]]>
            </line>
            <line>
              <![CDATA[SignIn link clicked on the page nav Bar.]]>
            </line>
            <line>
              <![CDATA[Clicked on Signin link at Home page & the object is:[[ChromeDriver: chrome on XP (a400a0fa274743fd7f657fa11b0fe443)] -> xpath: //*[@id='header']/div[2]/div/div/nav/div[1]/a]]]>
            </line>
            <line>
              <![CDATA[Entered email address test28101+172@gmail.com and the object is:[[ChromeDriver: chrome on XP (a400a0fa274743fd7f657fa11b0fe443)] -> xpath: //*[@id='email']]]]>
            </line>
            <line>
              <![CDATA[Entered email address Password1 and the object is:[[ChromeDriver: chrome on XP (a400a0fa274743fd7f657fa11b0fe443)] -> xpath: //*[@id='passwd']]]]>
            </line>
            <line>
              <![CDATA[Clicked on login Submit button & the object is:Proxy element for: DefaultElementLocator 'By.id: SubmitLogin']]>
            </line>
            <line>
              <![CDATA[Logout element found. Object is: [[ChromeDriver: chrome on XP (a400a0fa274743fd7f657fa11b0fe443)] -> xpath: //a[@class='logout' and @title='Log me out']]]]>
            </line>
            <line>
              <![CDATA[Clicked on Logout link at Home page & the object is:Proxy element for: DefaultElementLocator 'By.xpath: //a[@class='logout' and @title='Log me out']']]>
            </line>
            <line>
              <![CDATA[----------------Completed Test TC003_VerifyLoginWithDifferentCredentials----------------]]>
            </line>
            <line>
              <![CDATA[<a href='E:\Selenium\PageFactory_FrameWork\uiAutomation\src\main\java\com\test\automation\uiAutomation\success_screenshots\verifyLoginWithInvalidCredentials_27_10_2017_11_19_12.png'> <img src='E:\Selenium\PageFactory_FrameWork\uiAutomation\src\main\java\com\test\automation\uiAutomation\success_screenshots\verifyLoginWithInvalidCredentials_27_10_2017_11_19_12.png' height='100' width='100'/> </a>]]>
            </line>
          </reporter-output>
        </test-method> <!-- verifyLoginWithInvalidCredentials -->
        <test-method status="SKIP" signature="verifyLoginWithInvalidCredentials(java.lang.String, java.lang.String, java.lang.String)[pri:0, instance:com.test.automation.uiAutomation.registerPage.TC003_VerifyLoginWithDifferentCredentials@1cab519]" name="verifyLoginWithInvalidCredentials" duration-ms="19491" started-at="2017-10-27T23:19:12Z" data-provider="LoginData" finished-at="2017-10-27T23:19:32Z">
          <params>
            <param index="0">
              <value>
                <![CDATA[test28101+132@gmail.com]]>
              </value>
            </param>
            <param index="1">
              <value>
                <![CDATA[Password2]]>
              </value>
            </param>
            <param index="2">
              <value>
                <![CDATA[Y]]>
              </value>
            </param>
          </params>
          <exception class="java.lang.AssertionError">
            <message>
              <![CDATA[expected [true] but found [false]]]>
            </message>
            <full-stacktrace>
              <![CDATA[java.lang.AssertionError: expected [true] but found [false]
	at org.testng.Assert.fail(Assert.java:94)
	at org.testng.Assert.failNotEquals(Assert.java:513)
	at org.testng.Assert.assertEqualsImpl(Assert.java:135)
	at org.testng.Assert.assertEquals(Assert.java:116)
	at org.testng.Assert.assertEquals(Assert.java:305)
	at org.testng.Assert.assertEquals(Assert.java:315)
	at com.test.automation.uiAutomation.registerPage.TC003_VerifyLoginWithDifferentCredentials.verifyLoginWithInvalidCredentials(TC003_VerifyLoginWithDifferentCredentials.java:51)
	at sun.reflect.NativeMethodAccessorImpl.invoke0(Native Method)
	at sun.reflect.NativeMethodAccessorImpl.invoke(Unknown Source)
	at sun.reflect.DelegatingMethodAccessorImpl.invoke(Unknown Source)
	at java.lang.reflect.Method.invoke(Unknown Source)
	at org.testng.internal.MethodInvocationHelper.invokeMethod(MethodInvocationHelper.java:104)
	at org.testng.internal.Invoker.invokeMethod(Invoker.java:645)
	at org.testng.internal.Invoker.invokeTestMethod(Invoker.java:851)
	at org.testng.internal.Invoker.invokeTestMethods(Invoker.java:1177)
	at org.testng.internal.TestMethodWorker.invokeTestMethods(TestMethodWorker.java:129)
	at org.testng.internal.TestMethodWorker.run(TestMethodWorker.java:112)
	at org.testng.TestRunner.privateRun(TestRunner.java:756)
	at org.testng.TestRunner.run(TestRunner.java:610)
	at org.testng.SuiteRunner.runTest(SuiteRunner.java:387)
	at org.testng.SuiteRunner.runSequentially(SuiteRunner.java:382)
	at org.testng.SuiteRunner.privateRun(SuiteRunner.java:340)
	at org.testng.SuiteRunner.run(SuiteRunner.java:289)
	at org.testng.SuiteRunnerWorker.runSuite(SuiteRunnerWorker.java:52)
	at org.testng.SuiteRunnerWorker.run(SuiteRunnerWorker.java:86)
	at org.testng.TestNG.runSuitesSequentially(TestNG.java:1293)
	at org.testng.TestNG.runSuitesLocally(TestNG.java:1218)
	at org.testng.TestNG.runSuites(TestNG.java:1133)
	at org.testng.TestNG.run(TestNG.java:1104)
	at org.testng.remote.AbstractRemoteTestNG.run(AbstractRemoteTestNG.java:114)
	at org.testng.remote.RemoteTestNG.initAndRun(RemoteTestNG.java:251)
	at org.testng.remote.RemoteTestNG.main(RemoteTestNG.java:77)
]]>
            </full-stacktrace>
          </exception> <!-- java.lang.AssertionError -->
          <reporter-output>
            <line>
              <![CDATA[----------------Starting Test TC003_VerifyLoginWithDifferentCredentials----------------]]>
            </line>
            <line>
              <![CDATA[SignIn link clicked on the page nav Bar.]]>
            </line>
            <line>
              <![CDATA[Clicked on Signin link at Home page & the object is:[[ChromeDriver: chrome on XP (a400a0fa274743fd7f657fa11b0fe443)] -> xpath: //*[@id='header']/div[2]/div/div/nav/div[1]/a]]]>
            </line>
            <line>
              <![CDATA[Entered email address test28101+132@gmail.com and the object is:[[ChromeDriver: chrome on XP (a400a0fa274743fd7f657fa11b0fe443)] -> xpath: //*[@id='email']]]]>
            </line>
            <line>
              <![CDATA[Entered email address Password2 and the object is:[[ChromeDriver: chrome on XP (a400a0fa274743fd7f657fa11b0fe443)] -> xpath: //*[@id='passwd']]]]>
            </line>
            <line>
              <![CDATA[Clicked on login Submit button & the object is:[[ChromeDriver: chrome on XP (a400a0fa274743fd7f657fa11b0fe443)] -> id: SubmitLogin]]]>
            </line>
            <line>
              <![CDATA[Logout Link element not found.]]>
            </line>
            <line>
              <![CDATA[Retrying test verifyLoginWithInvalidCredentials with status FAILURE for the 1 time(s).]]>
            </line>
            <line>
              <![CDATA[Test is skipped:verifyLoginWithInvalidCredentials]]>
            </line>
          </reporter-output>
        </test-method> <!-- verifyLoginWithInvalidCredentials -->
        <test-method status="SKIP" signature="verifyLoginWithInvalidCredentials(java.lang.String, java.lang.String, java.lang.String)[pri:0, instance:com.test.automation.uiAutomation.registerPage.TC003_VerifyLoginWithDifferentCredentials@1cab519]" name="verifyLoginWithInvalidCredentials" duration-ms="19501" started-at="2017-10-27T23:19:32Z" data-provider="LoginData" finished-at="2017-10-27T23:19:52Z">
          <params>
            <param index="0">
              <value>
                <![CDATA[test28101+132@gmail.com]]>
              </value>
            </param>
            <param index="1">
              <value>
                <![CDATA[Password2]]>
              </value>
            </param>
            <param index="2">
              <value>
                <![CDATA[Y]]>
              </value>
            </param>
          </params>
          <exception class="java.lang.AssertionError">
            <message>
              <![CDATA[expected [true] but found [false]]]>
            </message>
            <full-stacktrace>
              <![CDATA[java.lang.AssertionError: expected [true] but found [false]
	at org.testng.Assert.fail(Assert.java:94)
	at org.testng.Assert.failNotEquals(Assert.java:513)
	at org.testng.Assert.assertEqualsImpl(Assert.java:135)
	at org.testng.Assert.assertEquals(Assert.java:116)
	at org.testng.Assert.assertEquals(Assert.java:305)
	at org.testng.Assert.assertEquals(Assert.java:315)
	at com.test.automation.uiAutomation.registerPage.TC003_VerifyLoginWithDifferentCredentials.verifyLoginWithInvalidCredentials(TC003_VerifyLoginWithDifferentCredentials.java:51)
	at sun.reflect.NativeMethodAccessorImpl.invoke0(Native Method)
	at sun.reflect.NativeMethodAccessorImpl.invoke(Unknown Source)
	at sun.reflect.DelegatingMethodAccessorImpl.invoke(Unknown Source)
	at java.lang.reflect.Method.invoke(Unknown Source)
	at org.testng.internal.MethodInvocationHelper.invokeMethod(MethodInvocationHelper.java:104)
	at org.testng.internal.Invoker.invokeMethod(Invoker.java:645)
	at org.testng.internal.Invoker.retryFailed(Invoker.java:998)
	at org.testng.internal.Invoker.invokeTestMethods(Invoker.java:1200)
	at org.testng.internal.TestMethodWorker.invokeTestMethods(TestMethodWorker.java:129)
	at org.testng.internal.TestMethodWorker.run(TestMethodWorker.java:112)
	at org.testng.TestRunner.privateRun(TestRunner.java:756)
	at org.testng.TestRunner.run(TestRunner.java:610)
	at org.testng.SuiteRunner.runTest(SuiteRunner.java:387)
	at org.testng.SuiteRunner.runSequentially(SuiteRunner.java:382)
	at org.testng.SuiteRunner.privateRun(SuiteRunner.java:340)
	at org.testng.SuiteRunner.run(SuiteRunner.java:289)
	at org.testng.SuiteRunnerWorker.runSuite(SuiteRunnerWorker.java:52)
	at org.testng.SuiteRunnerWorker.run(SuiteRunnerWorker.java:86)
	at org.testng.TestNG.runSuitesSequentially(TestNG.java:1293)
	at org.testng.TestNG.runSuitesLocally(TestNG.java:1218)
	at org.testng.TestNG.runSuites(TestNG.java:1133)
	at org.testng.TestNG.run(TestNG.java:1104)
	at org.testng.remote.AbstractRemoteTestNG.run(AbstractRemoteTestNG.java:114)
	at org.testng.remote.RemoteTestNG.initAndRun(RemoteTestNG.java:251)
	at org.testng.remote.RemoteTestNG.main(RemoteTestNG.java:77)
]]>
            </full-stacktrace>
          </exception> <!-- java.lang.AssertionError -->
          <reporter-output>
            <line>
              <![CDATA[----------------Starting Test TC003_VerifyLoginWithDifferentCredentials----------------]]>
            </line>
            <line>
              <![CDATA[SignIn link clicked on the page nav Bar.]]>
            </line>
            <line>
              <![CDATA[Clicked on Signin link at Home page & the object is:[[ChromeDriver: chrome on XP (a400a0fa274743fd7f657fa11b0fe443)] -> xpath: //*[@id='header']/div[2]/div/div/nav/div[1]/a]]]>
            </line>
            <line>
              <![CDATA[Entered email address test28101+132@gmail.com and the object is:[[ChromeDriver: chrome on XP (a400a0fa274743fd7f657fa11b0fe443)] -> xpath: //*[@id='email']]]]>
            </line>
            <line>
              <![CDATA[Entered email address Password2 and the object is:[[ChromeDriver: chrome on XP (a400a0fa274743fd7f657fa11b0fe443)] -> xpath: //*[@id='passwd']]]]>
            </line>
            <line>
              <![CDATA[Clicked on login Submit button & the object is:[[ChromeDriver: chrome on XP (a400a0fa274743fd7f657fa11b0fe443)] -> id: SubmitLogin]]]>
            </line>
            <line>
              <![CDATA[Logout Link element not found.]]>
            </line>
            <line>
              <![CDATA[Retrying test verifyLoginWithInvalidCredentials with status FAILURE for the 2 time(s).]]>
            </line>
            <line>
              <![CDATA[Test is skipped:verifyLoginWithInvalidCredentials]]>
            </line>
          </reporter-output>
        </test-method> <!-- verifyLoginWithInvalidCredentials -->
        <test-method status="SKIP" signature="verifyLoginWithInvalidCredentials(java.lang.String, java.lang.String, java.lang.String)[pri:0, instance:com.test.automation.uiAutomation.registerPage.TC003_VerifyLoginWithDifferentCredentials@1cab519]" name="verifyLoginWithInvalidCredentials" duration-ms="20389" started-at="2017-10-27T23:19:52Z" data-provider="LoginData" finished-at="2017-10-27T23:20:12Z">
          <params>
            <param index="0">
              <value>
                <![CDATA[test28101+132@gmail.com]]>
              </value>
            </param>
            <param index="1">
              <value>
                <![CDATA[Password2]]>
              </value>
            </param>
            <param index="2">
              <value>
                <![CDATA[Y]]>
              </value>
            </param>
          </params>
          <exception class="java.lang.AssertionError">
            <message>
              <![CDATA[expected [true] but found [false]]]>
            </message>
            <full-stacktrace>
              <![CDATA[java.lang.AssertionError: expected [true] but found [false]
	at org.testng.Assert.fail(Assert.java:94)
	at org.testng.Assert.failNotEquals(Assert.java:513)
	at org.testng.Assert.assertEqualsImpl(Assert.java:135)
	at org.testng.Assert.assertEquals(Assert.java:116)
	at org.testng.Assert.assertEquals(Assert.java:305)
	at org.testng.Assert.assertEquals(Assert.java:315)
	at com.test.automation.uiAutomation.registerPage.TC003_VerifyLoginWithDifferentCredentials.verifyLoginWithInvalidCredentials(TC003_VerifyLoginWithDifferentCredentials.java:51)
	at sun.reflect.NativeMethodAccessorImpl.invoke0(Native Method)
	at sun.reflect.NativeMethodAccessorImpl.invoke(Unknown Source)
	at sun.reflect.DelegatingMethodAccessorImpl.invoke(Unknown Source)
	at java.lang.reflect.Method.invoke(Unknown Source)
	at org.testng.internal.MethodInvocationHelper.invokeMethod(MethodInvocationHelper.java:104)
	at org.testng.internal.Invoker.invokeMethod(Invoker.java:645)
	at org.testng.internal.Invoker.retryFailed(Invoker.java:998)
	at org.testng.internal.Invoker.invokeTestMethods(Invoker.java:1200)
	at org.testng.internal.TestMethodWorker.invokeTestMethods(TestMethodWorker.java:129)
	at org.testng.internal.TestMethodWorker.run(TestMethodWorker.java:112)
	at org.testng.TestRunner.privateRun(TestRunner.java:756)
	at org.testng.TestRunner.run(TestRunner.java:610)
	at org.testng.SuiteRunner.runTest(SuiteRunner.java:387)
	at org.testng.SuiteRunner.runSequentially(SuiteRunner.java:382)
	at org.testng.SuiteRunner.privateRun(SuiteRunner.java:340)
	at org.testng.SuiteRunner.run(SuiteRunner.java:289)
	at org.testng.SuiteRunnerWorker.runSuite(SuiteRunnerWorker.java:52)
	at org.testng.SuiteRunnerWorker.run(SuiteRunnerWorker.java:86)
	at org.testng.TestNG.runSuitesSequentially(TestNG.java:1293)
	at org.testng.TestNG.runSuitesLocally(TestNG.java:1218)
	at org.testng.TestNG.runSuites(TestNG.java:1133)
	at org.testng.TestNG.run(TestNG.java:1104)
	at org.testng.remote.AbstractRemoteTestNG.run(AbstractRemoteTestNG.java:114)
	at org.testng.remote.RemoteTestNG.initAndRun(RemoteTestNG.java:251)
	at org.testng.remote.RemoteTestNG.main(RemoteTestNG.java:77)
]]>
            </full-stacktrace>
          </exception> <!-- java.lang.AssertionError -->
          <reporter-output>
            <line>
              <![CDATA[----------------Starting Test TC003_VerifyLoginWithDifferentCredentials----------------]]>
            </line>
            <line>
              <![CDATA[SignIn link clicked on the page nav Bar.]]>
            </line>
            <line>
              <![CDATA[Clicked on Signin link at Home page & the object is:[[ChromeDriver: chrome on XP (a400a0fa274743fd7f657fa11b0fe443)] -> xpath: //*[@id='header']/div[2]/div/div/nav/div[1]/a]]]>
            </line>
            <line>
              <![CDATA[Entered email address test28101+132@gmail.com and the object is:[[ChromeDriver: chrome on XP (a400a0fa274743fd7f657fa11b0fe443)] -> xpath: //*[@id='email']]]]>
            </line>
            <line>
              <![CDATA[Entered email address Password2 and the object is:[[ChromeDriver: chrome on XP (a400a0fa274743fd7f657fa11b0fe443)] -> xpath: //*[@id='passwd']]]]>
            </line>
            <line>
              <![CDATA[Clicked on login Submit button & the object is:[[ChromeDriver: chrome on XP (a400a0fa274743fd7f657fa11b0fe443)] -> id: SubmitLogin]]]>
            </line>
            <line>
              <![CDATA[Logout Link element not found.]]>
            </line>
            <line>
              <![CDATA[Retrying test verifyLoginWithInvalidCredentials with status FAILURE for the 3 time(s).]]>
            </line>
            <line>
              <![CDATA[Test is skipped:verifyLoginWithInvalidCredentials]]>
            </line>
          </reporter-output>
        </test-method> <!-- verifyLoginWithInvalidCredentials -->
        <test-method status="FAIL" signature="verifyLoginWithInvalidCredentials(java.lang.String, java.lang.String, java.lang.String)[pri:0, instance:com.test.automation.uiAutomation.registerPage.TC003_VerifyLoginWithDifferentCredentials@1cab519]" name="verifyLoginWithInvalidCredentials" duration-ms="19115" started-at="2017-10-27T23:20:12Z" data-provider="LoginData" finished-at="2017-10-27T23:20:31Z">
          <params>
            <param index="0">
              <value>
                <![CDATA[test28101+132@gmail.com]]>
              </value>
            </param>
            <param index="1">
              <value>
                <![CDATA[Password2]]>
              </value>
            </param>
            <param index="2">
              <value>
                <![CDATA[Y]]>
              </value>
            </param>
          </params>
          <exception class="java.lang.AssertionError">
            <message>
              <![CDATA[expected [true] but found [false]]]>
            </message>
            <full-stacktrace>
              <![CDATA[java.lang.AssertionError: expected [true] but found [false]
	at org.testng.Assert.fail(Assert.java:94)
	at org.testng.Assert.failNotEquals(Assert.java:513)
	at org.testng.Assert.assertEqualsImpl(Assert.java:135)
	at org.testng.Assert.assertEquals(Assert.java:116)
	at org.testng.Assert.assertEquals(Assert.java:305)
	at org.testng.Assert.assertEquals(Assert.java:315)
	at com.test.automation.uiAutomation.registerPage.TC003_VerifyLoginWithDifferentCredentials.verifyLoginWithInvalidCredentials(TC003_VerifyLoginWithDifferentCredentials.java:51)
	at sun.reflect.NativeMethodAccessorImpl.invoke0(Native Method)
	at sun.reflect.NativeMethodAccessorImpl.invoke(Unknown Source)
	at sun.reflect.DelegatingMethodAccessorImpl.invoke(Unknown Source)
	at java.lang.reflect.Method.invoke(Unknown Source)
	at org.testng.internal.MethodInvocationHelper.invokeMethod(MethodInvocationHelper.java:104)
	at org.testng.internal.Invoker.invokeMethod(Invoker.java:645)
	at org.testng.internal.Invoker.retryFailed(Invoker.java:998)
	at org.testng.internal.Invoker.invokeTestMethods(Invoker.java:1200)
	at org.testng.internal.TestMethodWorker.invokeTestMethods(TestMethodWorker.java:129)
	at org.testng.internal.TestMethodWorker.run(TestMethodWorker.java:112)
	at org.testng.TestRunner.privateRun(TestRunner.java:756)
	at org.testng.TestRunner.run(TestRunner.java:610)
	at org.testng.SuiteRunner.runTest(SuiteRunner.java:387)
	at org.testng.SuiteRunner.runSequentially(SuiteRunner.java:382)
	at org.testng.SuiteRunner.privateRun(SuiteRunner.java:340)
	at org.testng.SuiteRunner.run(SuiteRunner.java:289)
	at org.testng.SuiteRunnerWorker.runSuite(SuiteRunnerWorker.java:52)
	at org.testng.SuiteRunnerWorker.run(SuiteRunnerWorker.java:86)
	at org.testng.TestNG.runSuitesSequentially(TestNG.java:1293)
	at org.testng.TestNG.runSuitesLocally(TestNG.java:1218)
	at org.testng.TestNG.runSuites(TestNG.java:1133)
	at org.testng.TestNG.run(TestNG.java:1104)
	at org.testng.remote.AbstractRemoteTestNG.run(AbstractRemoteTestNG.java:114)
	at org.testng.remote.RemoteTestNG.initAndRun(RemoteTestNG.java:251)
	at org.testng.remote.RemoteTestNG.main(RemoteTestNG.java:77)
]]>
            </full-stacktrace>
          </exception> <!-- java.lang.AssertionError -->
          <reporter-output>
            <line>
              <![CDATA[----------------Starting Test TC003_VerifyLoginWithDifferentCredentials----------------]]>
            </line>
            <line>
              <![CDATA[SignIn link clicked on the page nav Bar.]]>
            </line>
            <line>
              <![CDATA[Clicked on Signin link at Home page & the object is:[[ChromeDriver: chrome on XP (a400a0fa274743fd7f657fa11b0fe443)] -> xpath: //*[@id='header']/div[2]/div/div/nav/div[1]/a]]]>
            </line>
            <line>
              <![CDATA[Entered email address test28101+132@gmail.com and the object is:[[ChromeDriver: chrome on XP (a400a0fa274743fd7f657fa11b0fe443)] -> xpath: //*[@id='email']]]]>
            </line>
            <line>
              <![CDATA[Entered email address Password2 and the object is:[[ChromeDriver: chrome on XP (a400a0fa274743fd7f657fa11b0fe443)] -> xpath: //*[@id='passwd']]]]>
            </line>
            <line>
              <![CDATA[Clicked on login Submit button & the object is:[[ChromeDriver: chrome on XP (a400a0fa274743fd7f657fa11b0fe443)] -> id: SubmitLogin]]]>
            </line>
            <line>
              <![CDATA[Logout Link element not found.]]>
            </line>
            <line>
              <![CDATA[<a href='E:\Selenium\PageFactory_FrameWork\uiAutomation\src\main\java\com\test\automation\uiAutomation\failure_screenshots\verifyLoginWithInvalidCredentials_27_10_2017_11_20_31.png'> <img src='E:\Selenium\PageFactory_FrameWork\uiAutomation\src\main\java\com\test\automation\uiAutomation\failure_screenshots\verifyLoginWithInvalidCredentials_27_10_2017_11_20_31.png' height='100' width='100'/> </a>]]>
            </line>
          </reporter-output>
        </test-method> <!-- verifyLoginWithInvalidCredentials -->
        <test-method status="PASS" signature="verifyLoginWithInvalidCredentials(java.lang.String, java.lang.String, java.lang.String)[pri:0, instance:com.test.automation.uiAutomation.registerPage.TC003_VerifyLoginWithDifferentCredentials@1cab519]" name="verifyLoginWithInvalidCredentials" duration-ms="37395" started-at="2017-10-27T23:20:32Z" data-provider="LoginData" finished-at="2017-10-27T23:21:09Z">
          <params>
            <param index="0">
              <value>
                <![CDATA[test28101+172@gmail.com]]>
              </value>
            </param>
            <param index="1">
              <value>
                <![CDATA[Password1]]>
              </value>
            </param>
            <param index="2">
              <value>
                <![CDATA[Y]]>
              </value>
            </param>
          </params>
          <reporter-output>
            <line>
              <![CDATA[----------------Starting Test TC003_VerifyLoginWithDifferentCredentials----------------]]>
            </line>
            <line>
              <![CDATA[SignIn link clicked on the page nav Bar.]]>
            </line>
            <line>
              <![CDATA[Clicked on Signin link at Home page & the object is:[[ChromeDriver: chrome on XP (a400a0fa274743fd7f657fa11b0fe443)] -> xpath: //*[@id='header']/div[2]/div/div/nav/div[1]/a]]]>
            </line>
            <line>
              <![CDATA[Entered email address test28101+172@gmail.com and the object is:[[ChromeDriver: chrome on XP (a400a0fa274743fd7f657fa11b0fe443)] -> xpath: //*[@id='email']]]]>
            </line>
            <line>
              <![CDATA[Entered email address Password1 and the object is:[[ChromeDriver: chrome on XP (a400a0fa274743fd7f657fa11b0fe443)] -> xpath: //*[@id='passwd']]]]>
            </line>
            <line>
              <![CDATA[Clicked on login Submit button & the object is:Proxy element for: DefaultElementLocator 'By.id: SubmitLogin']]>
            </line>
            <line>
              <![CDATA[Logout element found. Object is: [[ChromeDriver: chrome on XP (a400a0fa274743fd7f657fa11b0fe443)] -> xpath: //a[@class='logout' and @title='Log me out']]]]>
            </line>
            <line>
              <![CDATA[Clicked on Logout link at Home page & the object is:Proxy element for: DefaultElementLocator 'By.xpath: //a[@class='logout' and @title='Log me out']']]>
            </line>
            <line>
              <![CDATA[----------------Completed Test TC003_VerifyLoginWithDifferentCredentials----------------]]>
            </line>
            <line>
              <![CDATA[<a href='E:\Selenium\PageFactory_FrameWork\uiAutomation\src\main\java\com\test\automation\uiAutomation\success_screenshots\verifyLoginWithInvalidCredentials_27_10_2017_11_21_09.png'> <img src='E:\Selenium\PageFactory_FrameWork\uiAutomation\src\main\java\com\test\automation\uiAutomation\success_screenshots\verifyLoginWithInvalidCredentials_27_10_2017_11_21_09.png' height='100' width='100'/> </a>]]>
            </line>
          </reporter-output>
        </test-method> <!-- verifyLoginWithInvalidCredentials -->
        <test-method status="PASS" signature="verifyLoginWithInvalidCredentials(java.lang.String, java.lang.String, java.lang.String)[pri:0, instance:com.test.automation.uiAutomation.registerPage.TC003_VerifyLoginWithDifferentCredentials@1cab519]" name="verifyLoginWithInvalidCredentials" duration-ms="37335" started-at="2017-10-27T23:21:10Z" data-provider="LoginData" finished-at="2017-10-27T23:21:47Z">
          <params>
            <param index="0">
              <value>
                <![CDATA[test28101+132@gmail.com]]>
              </value>
            </param>
            <param index="1">
              <value>
                <![CDATA[Password1]]>
              </value>
            </param>
            <param index="2">
              <value>
                <![CDATA[y]]>
              </value>
            </param>
          </params>
          <reporter-output>
            <line>
              <![CDATA[----------------Starting Test TC003_VerifyLoginWithDifferentCredentials----------------]]>
            </line>
            <line>
              <![CDATA[SignIn link clicked on the page nav Bar.]]>
            </line>
            <line>
              <![CDATA[Clicked on Signin link at Home page & the object is:[[ChromeDriver: chrome on XP (a400a0fa274743fd7f657fa11b0fe443)] -> xpath: //*[@id='header']/div[2]/div/div/nav/div[1]/a]]]>
            </line>
            <line>
              <![CDATA[Entered email address test28101+132@gmail.com and the object is:[[ChromeDriver: chrome on XP (a400a0fa274743fd7f657fa11b0fe443)] -> xpath: //*[@id='email']]]]>
            </line>
            <line>
              <![CDATA[Entered email address Password1 and the object is:[[ChromeDriver: chrome on XP (a400a0fa274743fd7f657fa11b0fe443)] -> xpath: //*[@id='passwd']]]]>
            </line>
            <line>
              <![CDATA[Clicked on login Submit button & the object is:Proxy element for: DefaultElementLocator 'By.id: SubmitLogin']]>
            </line>
            <line>
              <![CDATA[Logout element found. Object is: [[ChromeDriver: chrome on XP (a400a0fa274743fd7f657fa11b0fe443)] -> xpath: //a[@class='logout' and @title='Log me out']]]]>
            </line>
            <line>
              <![CDATA[Clicked on Logout link at Home page & the object is:Proxy element for: DefaultElementLocator 'By.xpath: //a[@class='logout' and @title='Log me out']']]>
            </line>
            <line>
              <![CDATA[----------------Completed Test TC003_VerifyLoginWithDifferentCredentials----------------]]>
            </line>
            <line>
              <![CDATA[<a href='E:\Selenium\PageFactory_FrameWork\uiAutomation\src\main\java\com\test\automation\uiAutomation\success_screenshots\verifyLoginWithInvalidCredentials_27_10_2017_11_21_47.png'> <img src='E:\Selenium\PageFactory_FrameWork\uiAutomation\src\main\java\com\test\automation\uiAutomation\success_screenshots\verifyLoginWithInvalidCredentials_27_10_2017_11_21_47.png' height='100' width='100'/> </a>]]>
            </line>
          </reporter-output>
        </test-method> <!-- verifyLoginWithInvalidCredentials -->
        <test-method status="PASS" signature="verifyLoginWithInvalidCredentials(java.lang.String, java.lang.String, java.lang.String)[pri:0, instance:com.test.automation.uiAutomation.registerPage.TC003_VerifyLoginWithDifferentCredentials@1cab519]" name="verifyLoginWithInvalidCredentials" duration-ms="38211" started-at="2017-10-27T23:21:47Z" data-provider="LoginData" finished-at="2017-10-27T23:22:26Z">
          <params>
            <param index="0">
              <value>
                <![CDATA[test28101+172@gmail.com]]>
              </value>
            </param>
            <param index="1">
              <value>
                <![CDATA[Password1]]>
              </value>
            </param>
            <param index="2">
              <value>
                <![CDATA[y]]>
              </value>
            </param>
          </params>
          <reporter-output>
            <line>
              <![CDATA[----------------Starting Test TC003_VerifyLoginWithDifferentCredentials----------------]]>
            </line>
            <line>
              <![CDATA[SignIn link clicked on the page nav Bar.]]>
            </line>
            <line>
              <![CDATA[Clicked on Signin link at Home page & the object is:[[ChromeDriver: chrome on XP (a400a0fa274743fd7f657fa11b0fe443)] -> xpath: //*[@id='header']/div[2]/div/div/nav/div[1]/a]]]>
            </line>
            <line>
              <![CDATA[Entered email address test28101+172@gmail.com and the object is:[[ChromeDriver: chrome on XP (a400a0fa274743fd7f657fa11b0fe443)] -> xpath: //*[@id='email']]]]>
            </line>
            <line>
              <![CDATA[Entered email address Password1 and the object is:[[ChromeDriver: chrome on XP (a400a0fa274743fd7f657fa11b0fe443)] -> xpath: //*[@id='passwd']]]]>
            </line>
            <line>
              <![CDATA[Clicked on login Submit button & the object is:Proxy element for: DefaultElementLocator 'By.id: SubmitLogin']]>
            </line>
            <line>
              <![CDATA[Logout element found. Object is: [[ChromeDriver: chrome on XP (a400a0fa274743fd7f657fa11b0fe443)] -> xpath: //a[@class='logout' and @title='Log me out']]]]>
            </line>
            <line>
              <![CDATA[Clicked on Logout link at Home page & the object is:Proxy element for: DefaultElementLocator 'By.xpath: //a[@class='logout' and @title='Log me out']']]>
            </line>
            <line>
              <![CDATA[----------------Completed Test TC003_VerifyLoginWithDifferentCredentials----------------]]>
            </line>
            <line>
              <![CDATA[<a href='E:\Selenium\PageFactory_FrameWork\uiAutomation\src\main\java\com\test\automation\uiAutomation\success_screenshots\verifyLoginWithInvalidCredentials_27_10_2017_11_22_26.png'> <img src='E:\Selenium\PageFactory_FrameWork\uiAutomation\src\main\java\com\test\automation\uiAutomation\success_screenshots\verifyLoginWithInvalidCredentials_27_10_2017_11_22_26.png' height='100' width='100'/> </a>]]>
            </line>
          </reporter-output>
        </test-method> <!-- verifyLoginWithInvalidCredentials -->
        <test-method status="PASS" signature="verifyLoginWithInvalidCredentials(java.lang.String, java.lang.String, java.lang.String)[pri:0, instance:com.test.automation.uiAutomation.registerPage.TC003_VerifyLoginWithDifferentCredentials@1cab519]" name="verifyLoginWithInvalidCredentials" duration-ms="37370" started-at="2017-10-27T23:22:26Z" data-provider="LoginData" finished-at="2017-10-27T23:23:03Z">
          <params>
            <param index="0">
              <value>
                <![CDATA[test28101+132@gmail.com]]>
              </value>
            </param>
            <param index="1">
              <value>
                <![CDATA[Password1]]>
              </value>
            </param>
            <param index="2">
              <value>
                <![CDATA[y]]>
              </value>
            </param>
          </params>
          <reporter-output>
            <line>
              <![CDATA[----------------Starting Test TC003_VerifyLoginWithDifferentCredentials----------------]]>
            </line>
            <line>
              <![CDATA[SignIn link clicked on the page nav Bar.]]>
            </line>
            <line>
              <![CDATA[Clicked on Signin link at Home page & the object is:[[ChromeDriver: chrome on XP (a400a0fa274743fd7f657fa11b0fe443)] -> xpath: //*[@id='header']/div[2]/div/div/nav/div[1]/a]]]>
            </line>
            <line>
              <![CDATA[Entered email address test28101+132@gmail.com and the object is:[[ChromeDriver: chrome on XP (a400a0fa274743fd7f657fa11b0fe443)] -> xpath: //*[@id='email']]]]>
            </line>
            <line>
              <![CDATA[Entered email address Password1 and the object is:[[ChromeDriver: chrome on XP (a400a0fa274743fd7f657fa11b0fe443)] -> xpath: //*[@id='passwd']]]]>
            </line>
            <line>
              <![CDATA[Clicked on login Submit button & the object is:Proxy element for: DefaultElementLocator 'By.id: SubmitLogin']]>
            </line>
            <line>
              <![CDATA[Logout element found. Object is: [[ChromeDriver: chrome on XP (a400a0fa274743fd7f657fa11b0fe443)] -> xpath: //a[@class='logout' and @title='Log me out']]]]>
            </line>
            <line>
              <![CDATA[Clicked on Logout link at Home page & the object is:Proxy element for: DefaultElementLocator 'By.xpath: //a[@class='logout' and @title='Log me out']']]>
            </line>
            <line>
              <![CDATA[----------------Completed Test TC003_VerifyLoginWithDifferentCredentials----------------]]>
            </line>
            <line>
              <![CDATA[<a href='E:\Selenium\PageFactory_FrameWork\uiAutomation\src\main\java\com\test\automation\uiAutomation\success_screenshots\verifyLoginWithInvalidCredentials_27_10_2017_11_23_03.png'> <img src='E:\Selenium\PageFactory_FrameWork\uiAutomation\src\main\java\com\test\automation\uiAutomation\success_screenshots\verifyLoginWithInvalidCredentials_27_10_2017_11_23_03.png' height='100' width='100'/> </a>]]>
            </line>
          </reporter-output>
        </test-method> <!-- verifyLoginWithInvalidCredentials -->
        <test-method status="SKIP" signature="verifyLoginWithInvalidCredentials(java.lang.String, java.lang.String, java.lang.String)[pri:0, instance:com.test.automation.uiAutomation.registerPage.TC003_VerifyLoginWithDifferentCredentials@1cab519]" name="verifyLoginWithInvalidCredentials" duration-ms="3" started-at="2017-10-27T23:23:04Z" data-provider="LoginData" finished-at="2017-10-27T23:23:04Z">
          <params>
            <param index="0">
              <value>
                <![CDATA[test28101+172@gmail.com]]>
              </value>
            </param>
            <param index="1">
              <value>
                <![CDATA[Password1]]>
              </value>
            </param>
            <param index="2">
              <value>
                <![CDATA[n]]>
              </value>
            </param>
          </params>
          <exception class="org.testng.SkipException">
            <message>
              <![CDATA[This data is marked as N. Hence skipping]]>
            </message>
            <full-stacktrace>
              <![CDATA[org.testng.SkipException: This data is marked as N. Hence skipping
	at com.test.automation.uiAutomation.registerPage.TC003_VerifyLoginWithDifferentCredentials.verifyLoginWithInvalidCredentials(TC003_VerifyLoginWithDifferentCredentials.java:45)
	at sun.reflect.NativeMethodAccessorImpl.invoke0(Native Method)
	at sun.reflect.NativeMethodAccessorImpl.invoke(Unknown Source)
	at sun.reflect.DelegatingMethodAccessorImpl.invoke(Unknown Source)
	at java.lang.reflect.Method.invoke(Unknown Source)
	at org.testng.internal.MethodInvocationHelper.invokeMethod(MethodInvocationHelper.java:104)
	at org.testng.internal.Invoker.invokeMethod(Invoker.java:645)
	at org.testng.internal.Invoker.invokeTestMethod(Invoker.java:851)
	at org.testng.internal.Invoker.invokeTestMethods(Invoker.java:1177)
	at org.testng.internal.TestMethodWorker.invokeTestMethods(TestMethodWorker.java:129)
	at org.testng.internal.TestMethodWorker.run(TestMethodWorker.java:112)
	at org.testng.TestRunner.privateRun(TestRunner.java:756)
	at org.testng.TestRunner.run(TestRunner.java:610)
	at org.testng.SuiteRunner.runTest(SuiteRunner.java:387)
	at org.testng.SuiteRunner.runSequentially(SuiteRunner.java:382)
	at org.testng.SuiteRunner.privateRun(SuiteRunner.java:340)
	at org.testng.SuiteRunner.run(SuiteRunner.java:289)
	at org.testng.SuiteRunnerWorker.runSuite(SuiteRunnerWorker.java:52)
	at org.testng.SuiteRunnerWorker.run(SuiteRunnerWorker.java:86)
	at org.testng.TestNG.runSuitesSequentially(TestNG.java:1293)
	at org.testng.TestNG.runSuitesLocally(TestNG.java:1218)
	at org.testng.TestNG.runSuites(TestNG.java:1133)
	at org.testng.TestNG.run(TestNG.java:1104)
	at org.testng.remote.AbstractRemoteTestNG.run(AbstractRemoteTestNG.java:114)
	at org.testng.remote.RemoteTestNG.initAndRun(RemoteTestNG.java:251)
	at org.testng.remote.RemoteTestNG.main(RemoteTestNG.java:77)
]]>
            </full-stacktrace>
          </exception> <!-- org.testng.SkipException -->
          <reporter-output>
            <line>
              <![CDATA[----------------Starting Test TC003_VerifyLoginWithDifferentCredentials----------------]]>
            </line>
            <line>
              <![CDATA[Test is skipped:verifyLoginWithInvalidCredentials]]>
            </line>
          </reporter-output>
        </test-method> <!-- verifyLoginWithInvalidCredentials -->
        <test-method status="SKIP" signature="verifyLoginWithInvalidCredentials(java.lang.String, java.lang.String, java.lang.String)[pri:0, instance:com.test.automation.uiAutomation.registerPage.TC003_VerifyLoginWithDifferentCredentials@1cab519]" name="verifyLoginWithInvalidCredentials" duration-ms="3" started-at="2017-10-27T23:23:04Z" data-provider="LoginData" finished-at="2017-10-27T23:23:04Z">
          <params>
            <param index="0">
              <value>
                <![CDATA[test28101+172@gmail.com]]>
              </value>
            </param>
            <param index="1">
              <value>
                <![CDATA[Password1]]>
              </value>
            </param>
            <param index="2">
              <value>
                <![CDATA[n]]>
              </value>
            </param>
          </params>
          <exception class="org.testng.SkipException">
            <message>
              <![CDATA[This data is marked as N. Hence skipping]]>
            </message>
            <full-stacktrace>
              <![CDATA[org.testng.SkipException: This data is marked as N. Hence skipping
	at com.test.automation.uiAutomation.registerPage.TC003_VerifyLoginWithDifferentCredentials.verifyLoginWithInvalidCredentials(TC003_VerifyLoginWithDifferentCredentials.java:45)
	at sun.reflect.NativeMethodAccessorImpl.invoke0(Native Method)
	at sun.reflect.NativeMethodAccessorImpl.invoke(Unknown Source)
	at sun.reflect.DelegatingMethodAccessorImpl.invoke(Unknown Source)
	at java.lang.reflect.Method.invoke(Unknown Source)
	at org.testng.internal.MethodInvocationHelper.invokeMethod(MethodInvocationHelper.java:104)
	at org.testng.internal.Invoker.invokeMethod(Invoker.java:645)
	at org.testng.internal.Invoker.retryFailed(Invoker.java:998)
	at org.testng.internal.Invoker.invokeTestMethods(Invoker.java:1200)
	at org.testng.internal.TestMethodWorker.invokeTestMethods(TestMethodWorker.java:129)
	at org.testng.internal.TestMethodWorker.run(TestMethodWorker.java:112)
	at org.testng.TestRunner.privateRun(TestRunner.java:756)
	at org.testng.TestRunner.run(TestRunner.java:610)
	at org.testng.SuiteRunner.runTest(SuiteRunner.java:387)
	at org.testng.SuiteRunner.runSequentially(SuiteRunner.java:382)
	at org.testng.SuiteRunner.privateRun(SuiteRunner.java:340)
	at org.testng.SuiteRunner.run(SuiteRunner.java:289)
	at org.testng.SuiteRunnerWorker.runSuite(SuiteRunnerWorker.java:52)
	at org.testng.SuiteRunnerWorker.run(SuiteRunnerWorker.java:86)
	at org.testng.TestNG.runSuitesSequentially(TestNG.java:1293)
	at org.testng.TestNG.runSuitesLocally(TestNG.java:1218)
	at org.testng.TestNG.runSuites(TestNG.java:1133)
	at org.testng.TestNG.run(TestNG.java:1104)
	at org.testng.remote.AbstractRemoteTestNG.run(AbstractRemoteTestNG.java:114)
	at org.testng.remote.RemoteTestNG.initAndRun(RemoteTestNG.java:251)
	at org.testng.remote.RemoteTestNG.main(RemoteTestNG.java:77)
]]>
            </full-stacktrace>
          </exception> <!-- org.testng.SkipException -->
          <reporter-output>
            <line>
              <![CDATA[----------------Starting Test TC003_VerifyLoginWithDifferentCredentials----------------]]>
            </line>
            <line>
              <![CDATA[Test is skipped:verifyLoginWithInvalidCredentials]]>
            </line>
          </reporter-output>
        </test-method> <!-- verifyLoginWithInvalidCredentials -->
        <test-method status="PASS" signature="endTest()[pri:0, instance:com.test.automation.uiAutomation.registerPage.TC003_VerifyLoginWithDifferentCredentials@1cab519]" name="endTest" is-config="true" duration-ms="2947" started-at="2017-10-27T23:23:04Z" finished-at="2017-10-27T23:23:07Z">
          <reporter-output>
            <line>
              <![CDATA[Closing the Browser and driver instance!]]>
            </line>
          </reporter-output>
        </test-method> <!-- endTest -->
      </class> <!-- com.test.automation.uiAutomation.registerPage.TC003_VerifyLoginWithDifferentCredentials -->
    </test> <!-- Register Page Tests -->
    <test name="Product Details Page Tests" duration-ms="2" started-at="2017-10-27T17:53:07Z" finished-at="2017-10-27T17:53:07Z">
    </test> <!-- Product Details Page Tests -->
  </suite> <!-- Regression Suite -->
</testng-results>
