<?xml version="1.0" encoding="UTF-8"?>
<!-- Generated by org.testng.reporters.JUnitReportReporter -->
<testsuite name="com.test.automation.uiAutomation.registerPage.TC003_VerifyLoginWithDifferentCredentials" tests="11" time="268.082" ignored="0" failures="1" timestamp="27 Oct 2017 17:53:08 GMT" skipped="5" hostname="DESKTOP-9UPLSBP" errors="0">
  <testcase name="verifyLoginWithInvalidCredentials" time="19.491" classname="com.test.automation.uiAutomation.registerPage.TC003_VerifyLoginWithDifferentCredentials">
    <skipped/>
  </testcase> <!-- verifyLoginWithInvalidCredentials -->
  <testcase name="verifyLoginWithInvalidCredentials" time="0.003" classname="com.test.automation.uiAutomation.registerPage.TC003_VerifyLoginWithDifferentCredentials">
    <skipped/>
  </testcase> <!-- verifyLoginWithInvalidCredentials -->
  <testcase name="verifyLoginWithInvalidCredentials" time="37.370" classname="com.test.automation.uiAutomation.registerPage.TC003_VerifyLoginWithDifferentCredentials"/>
  <testcase name="verifyLoginWithInvalidCredentials" time="38.211" classname="com.test.automation.uiAutomation.registerPage.TC003_VerifyLoginWithDifferentCredentials"/>
  <testcase name="verifyLoginWithInvalidCredentials" time="39.269" classname="com.test.automation.uiAutomation.registerPage.TC003_VerifyLoginWithDifferentCredentials"/>
  <testcase name="verifyLoginWithInvalidCredentials" time="37.395" classname="com.test.automation.uiAutomation.registerPage.TC003_VerifyLoginWithDifferentCredentials"/>
  <testcase name="verifyLoginWithInvalidCredentials" time="19.115" classname="com.test.automation.uiAutomation.registerPage.TC003_VerifyLoginWithDifferentCredentials">
    <failure type="java.lang.AssertionError" message="expected [true] but found [false]">
      <![CDATA[java.lang.AssertionError: expected [true] but found [false]
	at org.testng.Assert.fail(Assert.java:94)
	at org.testng.Assert.failNotEquals(Assert.java:513)
	at org.testng.Assert.assertEqualsImpl(Assert.java:135)
	at org.testng.Assert.assertEquals(Assert.java:116)
	at org.testng.Assert.assertEquals(Assert.java:305)
	at org.testng.Assert.assertEquals(Assert.java:315)
	at com.test.automation.uiAutomation.registerPage.TC003_VerifyLoginWithDifferentCredentials.verifyLoginWithInvalidCredentials(TC003_VerifyLoginWithDifferentCredentials.java:51)
	at sun.reflect.NativeMethodAccessorImpl.invoke0(Native Method)
	at sun.reflect.NativeMethodAccessorImpl.invoke(Unknown Source)
	at sun.reflect.DelegatingMethodAccessorImpl.invoke(Unknown Source)
	at java.lang.reflect.Method.invoke(Unknown Source)
	at org.testng.internal.MethodInvocationHelper.invokeMethod(MethodInvocationHelper.java:104)
	at org.testng.internal.Invoker.invokeMethod(Invoker.java:645)
	at org.testng.internal.Invoker.retryFailed(Invoker.java:998)
	at org.testng.internal.Invoker.invokeTestMethods(Invoker.java:1200)
	at org.testng.internal.TestMethodWorker.invokeTestMethods(TestMethodWorker.java:129)
	at org.testng.internal.TestMethodWorker.run(TestMethodWorker.java:112)
	at org.testng.TestRunner.privateRun(TestRunner.java:756)
	at org.testng.TestRunner.run(TestRunner.java:610)
	at org.testng.SuiteRunner.runTest(SuiteRunner.java:387)
	at org.testng.SuiteRunner.runSequentially(SuiteRunner.java:382)
	at org.testng.SuiteRunner.privateRun(SuiteRunner.java:340)
	at org.testng.SuiteRunner.run(SuiteRunner.java:289)
	at org.testng.SuiteRunnerWorker.runSuite(SuiteRunnerWorker.java:52)
	at org.testng.SuiteRunnerWorker.run(SuiteRunnerWorker.java:86)
	at org.testng.TestNG.runSuitesSequentially(TestNG.java:1293)
	at org.testng.TestNG.runSuitesLocally(TestNG.java:1218)
	at org.testng.TestNG.runSuites(TestNG.java:1133)
	at org.testng.TestNG.run(TestNG.java:1104)
	at org.testng.remote.AbstractRemoteTestNG.run(AbstractRemoteTestNG.java:114)
	at org.testng.remote.RemoteTestNG.initAndRun(RemoteTestNG.java:251)
	at org.testng.remote.RemoteTestNG.main(RemoteTestNG.java:77)
]]>
    </failure>
  </testcase> <!-- verifyLoginWithInvalidCredentials -->
  <testcase name="verifyLoginWithInvalidCredentials" time="0.003" classname="com.test.automation.uiAutomation.registerPage.TC003_VerifyLoginWithDifferentCredentials">
    <skipped/>
  </testcase> <!-- verifyLoginWithInvalidCredentials -->
  <testcase name="verifyLoginWithInvalidCredentials" time="20.389" classname="com.test.automation.uiAutomation.registerPage.TC003_VerifyLoginWithDifferentCredentials">
    <skipped/>
  </testcase> <!-- verifyLoginWithInvalidCredentials -->
  <testcase name="verifyLoginWithInvalidCredentials" time="19.501" classname="com.test.automation.uiAutomation.registerPage.TC003_VerifyLoginWithDifferentCredentials">
    <skipped/>
  </testcase> <!-- verifyLoginWithInvalidCredentials -->
  <testcase name="verifyLoginWithInvalidCredentials" time="37.335" classname="com.test.automation.uiAutomation.registerPage.TC003_VerifyLoginWithDifferentCredentials"/>
</testsuite> <!-- com.test.automation.uiAutomation.registerPage.TC003_VerifyLoginWithDifferentCredentials -->
